---------------------------------------------------------------
[ 2018-06-11T16:37:47+08:00 ] 127.0.0.1 127.0.0.1 GET /yusuzhou/index.php/shop/zhifu/AliPay
[ info ] 127.0.0.1/yusuzhou/index.php/shop/zhifu/AliPay [运行时间：0.127008s][吞吐率：7.87req/s] [内存消耗：2,662.40kb] [文件加载：74]
[ info ] [ LANG ] D:\phpStudy\WWW\yusuzhou\thinkphp\lang\zh-cn.php
[ info ] [ ROUTE ] array (
  'type' => 'module',
  'module' => 
  array (
    0 => 'shop',
    1 => 'zhifu',
    2 => 'AliPay',
  ),
)
[ info ] [ HEADER ] array (
  'upgrade-insecure-requests' => '1',
  'connection' => 'close',
  'accept-encoding' => 'gzip, deflate',
  'accept-language' => 'zh-CN,zh;q=0.8,zh-TW;q=0.7,zh-HK;q=0.5,en-US;q=0.3,en;q=0.2',
  'accept' => 'text/html,application/xhtml+xml,application/xml;q=0.9,*/*;q=0.8',
  'user-agent' => 'Mozilla/5.0 (Windows NT 6.1; WOW64; rv:60.0) Gecko/20100101 Firefox/60.0',
  'host' => '127.0.0.1',
)
[ info ] [ PARAM ] array (
)
[ info ] [ CACHE ] INIT File
[ info ] [ DB ] INIT mysql
[ info ] [ BEHAVIOR ] Run app\common\behavior\Config @app_begin [ RunTime:0.041002s ]
[ info ] [ BEHAVIOR ] Run app\common\behavior\Hook @app_begin [ RunTime:0.023001s ]
[ info ] [ RUN ] app\shop\home\Zhifu->AliPay[ D:\phpStudy\WWW\yusuzhou\application\shop\home\Zhifu.php ]
[ info ] [ LOG ] INIT File
[ sql ] [ DB ] CONNECT:[ UseTime:0.003000s ] mysql:dbname=yusuzhou_youacl;host=127.0.0.1;port=3306;charset=utf8
[ sql ] [ SQL ] SHOW COLUMNS FROM `ysz_admin_config` [ RunTime:0.007000s ]
[ sql ] [ SQL ] SELECT `name`,`value`,`type` FROM `ysz_admin_config` [ RunTime:0.001000s ]
[ sql ] [ SQL ] SHOW COLUMNS FROM `ysz_admin_module` [ RunTime:0.006000s ]
[ sql ] [ SQL ] SELECT `name`,`config` FROM `ysz_admin_module` WHERE  `config` <> '' [ RunTime:0.000000s ]
[ sql ] [ SQL ] SHOW COLUMNS FROM `ysz_admin_hook` [ RunTime:0.005001s ]
[ sql ] [ SQL ] SELECT `name`,`status` FROM `ysz_admin_hook` WHERE  `status` = 1 [ RunTime:0.001000s ]
[ sql ] [ SQL ] SHOW COLUMNS FROM `ysz_admin_plugin` [ RunTime:0.006000s ]
[ sql ] [ SQL ] SELECT `name`,`status` FROM `ysz_admin_plugin` WHERE  `status` = 1 [ RunTime:0.000000s ]
[ sql ] [ SQL ] SHOW COLUMNS FROM `ysz_admin_hook_plugin` [ RunTime:0.006000s ]
[ sql ] [ SQL ] SELECT * FROM `ysz_admin_hook_plugin` WHERE  `status` = 1 ORDER BY hook,sort [ RunTime:0.000000s ]
[ error ] [8]未定义变量: pre_price[D:\phpStudy\WWW\yusuzhou\application\shop\home\Zhifu.php:43]
---------------------------------------------------------------
[ 2018-06-11T16:38:17+08:00 ] 127.0.0.1 127.0.0.1 GET /yusuzhou/index.php/shop/zhifu/AliPay
[ info ] 127.0.0.1/yusuzhou/index.php/shop/zhifu/AliPay [运行时间：0.076005s][吞吐率：13.16req/s] [内存消耗：2,662.42kb] [文件加载：74]
[ info ] [ LANG ] D:\phpStudy\WWW\yusuzhou\thinkphp\lang\zh-cn.php
[ info ] [ ROUTE ] array (
  'type' => 'module',
  'module' => 
  array (
    0 => 'shop',
    1 => 'zhifu',
    2 => 'AliPay',
  ),
)
[ info ] [ HEADER ] array (
  'cache-control' => 'max-age=0',
  'upgrade-insecure-requests' => '1',
  'connection' => 'close',
  'accept-encoding' => 'gzip, deflate',
  'accept-language' => 'zh-CN,zh;q=0.8,zh-TW;q=0.7,zh-HK;q=0.5,en-US;q=0.3,en;q=0.2',
  'accept' => 'text/html,application/xhtml+xml,application/xml;q=0.9,*/*;q=0.8',
  'user-agent' => 'Mozilla/5.0 (Windows NT 6.1; WOW64; rv:60.0) Gecko/20100101 Firefox/60.0',
  'host' => '127.0.0.1',
)
[ info ] [ PARAM ] array (
)
[ info ] [ CACHE ] INIT File
[ info ] [ DB ] INIT mysql
[ info ] [ BEHAVIOR ] Run app\common\behavior\Config @app_begin [ RunTime:0.023001s ]
[ info ] [ BEHAVIOR ] Run app\common\behavior\Hook @app_begin [ RunTime:0.014001s ]
[ info ] [ RUN ] app\shop\home\Zhifu->AliPay[ D:\phpStudy\WWW\yusuzhou\application\shop\home\Zhifu.php ]
[ info ] [ LOG ] INIT File
[ sql ] [ DB ] CONNECT:[ UseTime:0.000000s ] mysql:dbname=yusuzhou_youacl;host=127.0.0.1;port=3306;charset=utf8
[ sql ] [ SQL ] SHOW COLUMNS FROM `ysz_admin_config` [ RunTime:0.004000s ]
[ sql ] [ SQL ] SELECT `name`,`value`,`type` FROM `ysz_admin_config` [ RunTime:0.001000s ]
[ sql ] [ SQL ] SHOW COLUMNS FROM `ysz_admin_module` [ RunTime:0.002000s ]
[ sql ] [ SQL ] SELECT `name`,`config` FROM `ysz_admin_module` WHERE  `config` <> '' [ RunTime:0.000000s ]
[ sql ] [ SQL ] SHOW COLUMNS FROM `ysz_admin_hook` [ RunTime:0.004000s ]
[ sql ] [ SQL ] SELECT `name`,`status` FROM `ysz_admin_hook` WHERE  `status` = 1 [ RunTime:0.000000s ]
[ sql ] [ SQL ] SHOW COLUMNS FROM `ysz_admin_plugin` [ RunTime:0.003000s ]
[ sql ] [ SQL ] SELECT `name`,`status` FROM `ysz_admin_plugin` WHERE  `status` = 1 [ RunTime:0.001000s ]
[ sql ] [ SQL ] SHOW COLUMNS FROM `ysz_admin_hook_plugin` [ RunTime:0.003000s ]
[ sql ] [ SQL ] SELECT * FROM `ysz_admin_hook_plugin` WHERE  `status` = 1 ORDER BY hook,sort [ RunTime:0.000000s ]
[ error ] [8]Undefined property: app\shop\home\Zhifu::$callback[D:\phpStudy\WWW\yusuzhou\application\shop\home\Zhifu.php:47]
