---------------------------------------------------------------
[ 2018-06-12T17:48:59+08:00 ] 127.0.0.1 127.0.0.1 GET /yusuzhou/index.php/shop/index/getGoodsXin
[ info ] 127.0.0.1/yusuzhou/index.php/shop/index/getGoodsXin [运行时间：0.112006s][吞吐率：8.93req/s] [内存消耗：2,604.72kb] [文件加载：64]
[ info ] [ LANG ] D:\phpStudy\WWW\yusuzhou\thinkphp\lang\zh-cn.php
[ info ] [ ROUTE ] array (
  'type' => 'module',
  'module' => 
  array (
    0 => 'shop',
    1 => 'index',
    2 => 'getGoodsXin',
  ),
)
[ info ] [ HEADER ] array (
  'upgrade-insecure-requests' => '1',
  'connection' => 'close',
  'accept-encoding' => 'gzip, deflate',
  'accept-language' => 'zh-CN,zh;q=0.8,zh-TW;q=0.7,zh-HK;q=0.5,en-US;q=0.3,en;q=0.2',
  'accept' => 'text/html,application/xhtml+xml,application/xml;q=0.9,*/*;q=0.8',
  'user-agent' => 'Mozilla/5.0 (Windows NT 6.1; WOW64; rv:60.0) Gecko/20100101 Firefox/60.0',
  'host' => '127.0.0.1',
)
[ info ] [ PARAM ] array (
)
[ info ] [ CACHE ] INIT File
[ info ] [ DB ] INIT mysql
[ info ] [ BEHAVIOR ] Run app\common\behavior\Config @app_begin [ RunTime:0.035002s ]
[ info ] [ BEHAVIOR ] Run app\common\behavior\Hook @app_begin [ RunTime:0.022002s ]
[ info ] [ RUN ] app\shop\home\Index->getGoodsXin[ D:\phpStudy\WWW\yusuzhou\application\shop\home\Index.php ]
[ info ] [ LOG ] INIT File
[ sql ] [ DB ] CONNECT:[ UseTime:0.002001s ] mysql:dbname=yusuzhou_youacl;host=127.0.0.1;port=3306;charset=utf8
[ sql ] [ SQL ] SHOW COLUMNS FROM `ysz_admin_config` [ RunTime:0.006000s ]
[ sql ] [ SQL ] SELECT `name`,`value`,`type` FROM `ysz_admin_config` [ RunTime:0.001000s ]
[ sql ] [ SQL ] SHOW COLUMNS FROM `ysz_admin_module` [ RunTime:0.005000s ]
[ sql ] [ SQL ] SELECT `name`,`config` FROM `ysz_admin_module` WHERE  `config` <> '' [ RunTime:0.001000s ]
[ sql ] [ SQL ] SHOW COLUMNS FROM `ysz_admin_hook` [ RunTime:0.005000s ]
[ sql ] [ SQL ] SELECT `name`,`status` FROM `ysz_admin_hook` WHERE  `status` = 1 [ RunTime:0.001000s ]
[ sql ] [ SQL ] SHOW COLUMNS FROM `ysz_admin_plugin` [ RunTime:0.005000s ]
[ sql ] [ SQL ] SELECT `name`,`status` FROM `ysz_admin_plugin` WHERE  `status` = 1 [ RunTime:0.000000s ]
[ sql ] [ SQL ] SHOW COLUMNS FROM `ysz_admin_hook_plugin` [ RunTime:0.005001s ]
[ sql ] [ SQL ] SELECT * FROM `ysz_admin_hook_plugin` WHERE  `status` = 1 ORDER BY hook,sort [ RunTime:0.000000s ]
[ sql ] [ SQL ] SHOW COLUMNS FROM `ysz_shop_goods` [ RunTime:0.008001s ]
[ sql ] [ SQL ] SELECT * FROM `ysz_shop_goods` WHERE  `status` = 1 ORDER BY add_time desc [ RunTime:0.001000s ]
