---------------------------------------------------------------
[ 2018-05-11T09:04:20+08:00 ] 127.0.0.1 127.0.0.1 GET /yusuzhou/index.php/user/user/bind_mobile
[ info ] 127.0.0.1/yusuzhou/index.php/user/user/bind_mobile [运行时间：0.171600s][吞吐率：5.83req/s] [内存消耗：2,552.34kb] [文件加载：71]
[ info ] [ LANG ] D:\phpStudy\WWW\yusuzhou\thinkphp\lang\zh-cn.php
[ info ] [ ROUTE ] array (
  'type' => 'module',
  'module' => 
  array (
    0 => 'user',
    1 => 'user',
    2 => 'bind_mobile',
  ),
)
[ info ] [ HEADER ] array (
  'upgrade-insecure-requests' => '1',
  'connection' => 'close',
  'accept-encoding' => 'gzip, deflate',
  'accept-language' => 'zh-CN,zh;q=0.8,zh-TW;q=0.7,zh-HK;q=0.5,en-US;q=0.3,en;q=0.2',
  'accept' => 'text/html,application/xhtml+xml,application/xml;q=0.9,*/*;q=0.8',
  'user-agent' => 'Mozilla/5.0 (Windows NT 6.1; WOW64; rv:59.0) Gecko/20100101 Firefox/59.0',
  'host' => '127.0.0.1',
)
[ info ] [ PARAM ] array (
)
[ info ] [ CACHE ] INIT File
[ info ] [ DB ] INIT mysql
[ info ] [ BEHAVIOR ] Run app\common\behavior\Config @app_begin [ RunTime:0.062400s ]
[ info ] [ BEHAVIOR ] Run app\common\behavior\Hook @app_begin [ RunTime:0.015600s ]
[ info ] [ RUN ] app\user\home\User->bind_mobile[ D:\phpStudy\WWW\yusuzhou\application\user\home\User.php ]
[ info ] [ LOG ] INIT File
[ sql ] [ DB ] CONNECT:[ UseTime:0.015600s ] mysql:dbname=yusuzhou_youacl;host=127.0.0.1;port=3306;charset=utf8
[ sql ] [ SQL ] SHOW COLUMNS FROM `ysz_admin_config` [ RunTime:0.015600s ]
[ sql ] [ SQL ] SELECT `name`,`value`,`type` FROM `ysz_admin_config` [ RunTime:0.000000s ]
[ sql ] [ SQL ] SHOW COLUMNS FROM `ysz_admin_module` [ RunTime:0.000000s ]
[ sql ] [ SQL ] SELECT `name`,`config` FROM `ysz_admin_module` WHERE  `config` <> '' [ RunTime:0.015600s ]
[ sql ] [ SQL ] SHOW COLUMNS FROM `ysz_admin_hook` [ RunTime:0.000000s ]
[ sql ] [ SQL ] SELECT `name`,`status` FROM `ysz_admin_hook` WHERE  `status` = 1 [ RunTime:0.000000s ]
[ sql ] [ SQL ] SHOW COLUMNS FROM `ysz_admin_plugin` [ RunTime:0.000000s ]
[ sql ] [ SQL ] SELECT `name`,`status` FROM `ysz_admin_plugin` WHERE  `status` = 1 [ RunTime:0.000000s ]
[ sql ] [ SQL ] SHOW COLUMNS FROM `ysz_admin_hook_plugin` [ RunTime:0.000000s ]
[ sql ] [ SQL ] SELECT * FROM `ysz_admin_hook_plugin` WHERE  `status` = 1 ORDER BY hook,sort [ RunTime:0.000000s ]
[ error ] [8]未定义数组索引: mobile[D:\phpStudy\WWW\yusuzhou\application\user\home\User.php:219]
---------------------------------------------------------------
[ 2018-05-11T09:04:25+08:00 ] 127.0.0.1 127.0.0.1 GET /yusuzhou/index.php/shop/goods/tuijian
[ info ] 127.0.0.1/yusuzhou/index.php/shop/goods/tuijian [运行时间：0.079004s][吞吐率：12.66req/s] [内存消耗：2,562.68kb] [文件加载：71]
[ info ] [ LANG ] D:\phpStudy\WWW\yusuzhou\thinkphp\lang\zh-cn.php
[ info ] [ ROUTE ] array (
  'type' => 'module',
  'module' => 
  array (
    0 => 'shop',
    1 => 'goods',
    2 => 'tuijian',
  ),
)
[ info ] [ HEADER ] array (
  'upgrade-insecure-requests' => '1',
  'connection' => 'close',
  'accept-encoding' => 'gzip, deflate',
  'accept-language' => 'zh-CN,zh;q=0.8,zh-TW;q=0.7,zh-HK;q=0.5,en-US;q=0.3,en;q=0.2',
  'accept' => 'text/html,application/xhtml+xml,application/xml;q=0.9,*/*;q=0.8',
  'user-agent' => 'Mozilla/5.0 (Windows NT 6.1; WOW64; rv:59.0) Gecko/20100101 Firefox/59.0',
  'host' => '127.0.0.1',
)
[ info ] [ PARAM ] array (
)
[ info ] [ CACHE ] INIT File
[ info ] [ DB ] INIT mysql
[ info ] [ BEHAVIOR ] Run app\common\behavior\Config @app_begin [ RunTime:0.019001s ]
[ info ] [ BEHAVIOR ] Run app\common\behavior\Hook @app_begin [ RunTime:0.011000s ]
[ info ] [ RUN ] app\shop\home\Goods->tuijian[ D:\phpStudy\WWW\yusuzhou\application\shop\home\Goods.php ]
[ info ] [ LOG ] INIT File
[ sql ] [ DB ] CONNECT:[ UseTime:0.000000s ] mysql:dbname=yusuzhou_youacl;host=127.0.0.1;port=3306;charset=utf8
[ sql ] [ SQL ] SHOW COLUMNS FROM `ysz_admin_config` [ RunTime:0.003000s ]
[ sql ] [ SQL ] SELECT `name`,`value`,`type` FROM `ysz_admin_config` [ RunTime:0.000000s ]
[ sql ] [ SQL ] SHOW COLUMNS FROM `ysz_admin_module` [ RunTime:0.002000s ]
[ sql ] [ SQL ] SELECT `name`,`config` FROM `ysz_admin_module` WHERE  `config` <> '' [ RunTime:0.000000s ]
[ sql ] [ SQL ] SHOW COLUMNS FROM `ysz_admin_hook` [ RunTime:0.003000s ]
[ sql ] [ SQL ] SELECT `name`,`status` FROM `ysz_admin_hook` WHERE  `status` = 1 [ RunTime:0.000000s ]
[ sql ] [ SQL ] SHOW COLUMNS FROM `ysz_admin_plugin` [ RunTime:0.002000s ]
[ sql ] [ SQL ] SELECT `name`,`status` FROM `ysz_admin_plugin` WHERE  `status` = 1 [ RunTime:0.000000s ]
[ sql ] [ SQL ] SHOW COLUMNS FROM `ysz_admin_hook_plugin` [ RunTime:0.002000s ]
[ sql ] [ SQL ] SELECT * FROM `ysz_admin_hook_plugin` WHERE  `status` = 1 ORDER BY hook,sort [ RunTime:0.000000s ]
[ sql ] [ SQL ] SHOW COLUMNS FROM `ysz_shop_goods` [ RunTime:0.005000s ]
[ sql ] [ SQL ] SELECT * FROM `ysz_shop_goods` WHERE  `cid` = 2 [ RunTime:0.001000s ]
[ error ] [8]未定义数组索引: tags[D:\phpStudy\WWW\yusuzhou\application\shop\home\Goods.php:74]
---------------------------------------------------------------
[ 2018-05-11T09:05:06+08:00 ] 127.0.0.1 127.0.0.1 GET /yusuzhou/index.php/shop/goods/tuijian
[ info ] 127.0.0.1/yusuzhou/index.php/shop/goods/tuijian [运行时间：0.062400s][吞吐率：16.03req/s] [内存消耗：2,475.05kb] [文件加载：65]
[ info ] [ LANG ] D:\phpStudy\WWW\yusuzhou\thinkphp\lang\zh-cn.php
[ info ] [ ROUTE ] array (
  'type' => 'module',
  'module' => 
  array (
    0 => 'shop',
    1 => 'goods',
    2 => 'tuijian',
  ),
)
[ info ] [ HEADER ] array (
  'cache-control' => 'max-age=0',
  'upgrade-insecure-requests' => '1',
  'connection' => 'close',
  'accept-encoding' => 'gzip, deflate',
  'accept-language' => 'zh-CN,zh;q=0.8,zh-TW;q=0.7,zh-HK;q=0.5,en-US;q=0.3,en;q=0.2',
  'accept' => 'text/html,application/xhtml+xml,application/xml;q=0.9,*/*;q=0.8',
  'user-agent' => 'Mozilla/5.0 (Windows NT 6.1; WOW64; rv:59.0) Gecko/20100101 Firefox/59.0',
  'host' => '127.0.0.1',
)
[ info ] [ PARAM ] array (
)
[ info ] [ CACHE ] INIT File
[ info ] [ DB ] INIT mysql
[ info ] [ BEHAVIOR ] Run app\common\behavior\Config @app_begin [ RunTime:0.015600s ]
[ info ] [ BEHAVIOR ] Run app\common\behavior\Hook @app_begin [ RunTime:0.015600s ]
[ info ] [ RUN ] app\shop\home\Goods->tuijian[ D:\phpStudy\WWW\yusuzhou\application\shop\home\Goods.php ]
[ info ] [ LOG ] INIT File
[ sql ] [ DB ] CONNECT:[ UseTime:0.000000s ] mysql:dbname=yusuzhou_youacl;host=127.0.0.1;port=3306;charset=utf8
[ sql ] [ SQL ] SHOW COLUMNS FROM `ysz_admin_config` [ RunTime:0.000000s ]
[ sql ] [ SQL ] SELECT `name`,`value`,`type` FROM `ysz_admin_config` [ RunTime:0.000000s ]
[ sql ] [ SQL ] SHOW COLUMNS FROM `ysz_admin_module` [ RunTime:0.000000s ]
[ sql ] [ SQL ] SELECT `name`,`config` FROM `ysz_admin_module` WHERE  `config` <> '' [ RunTime:0.000000s ]
[ sql ] [ SQL ] SHOW COLUMNS FROM `ysz_admin_hook` [ RunTime:0.015600s ]
[ sql ] [ SQL ] SELECT `name`,`status` FROM `ysz_admin_hook` WHERE  `status` = 1 [ RunTime:0.000000s ]
[ sql ] [ SQL ] SHOW COLUMNS FROM `ysz_admin_plugin` [ RunTime:0.000000s ]
[ sql ] [ SQL ] SELECT `name`,`status` FROM `ysz_admin_plugin` WHERE  `status` = 1 [ RunTime:0.000000s ]
[ sql ] [ SQL ] SHOW COLUMNS FROM `ysz_admin_hook_plugin` [ RunTime:0.000000s ]
[ sql ] [ SQL ] SELECT * FROM `ysz_admin_hook_plugin` WHERE  `status` = 1 ORDER BY hook,sort [ RunTime:0.000000s ]
[ sql ] [ SQL ] SHOW COLUMNS FROM `ysz_shop_goods` [ RunTime:0.000000s ]
[ sql ] [ SQL ] SELECT * FROM `ysz_shop_goods` WHERE  `cid` = 2 [ RunTime:0.000000s ]
---------------------------------------------------------------
[ 2018-05-11T09:09:01+08:00 ] 127.0.0.1 127.0.0.1 GET /yusuzhou/index.php/shop/goods/tuijian
[ info ] 127.0.0.1/yusuzhou/index.php/shop/goods/tuijian [运行时间：0.140400s][吞吐率：7.12req/s] [内存消耗：2,474.78kb] [文件加载：65]
[ info ] [ LANG ] D:\phpStudy\WWW\yusuzhou\thinkphp\lang\zh-cn.php
[ info ] [ ROUTE ] array (
  'type' => 'module',
  'module' => 
  array (
    0 => 'shop',
    1 => 'goods',
    2 => 'tuijian',
  ),
)
[ info ] [ HEADER ] array (
  'cache-control' => 'max-age=0',
  'upgrade-insecure-requests' => '1',
  'connection' => 'close',
  'accept-encoding' => 'gzip, deflate',
  'accept-language' => 'zh-CN,zh;q=0.8,zh-TW;q=0.7,zh-HK;q=0.5,en-US;q=0.3,en;q=0.2',
  'accept' => 'text/html,application/xhtml+xml,application/xml;q=0.9,*/*;q=0.8',
  'user-agent' => 'Mozilla/5.0 (Windows NT 6.1; WOW64; rv:59.0) Gecko/20100101 Firefox/59.0',
  'host' => '127.0.0.1',
)
[ info ] [ PARAM ] array (
)
[ info ] [ CACHE ] INIT File
[ info ] [ DB ] INIT mysql
[ info ] [ BEHAVIOR ] Run app\common\behavior\Config @app_begin [ RunTime:0.062400s ]
[ info ] [ BEHAVIOR ] Run app\common\behavior\Hook @app_begin [ RunTime:0.015600s ]
[ info ] [ RUN ] app\shop\home\Goods->tuijian[ D:\phpStudy\WWW\yusuzhou\application\shop\home\Goods.php ]
[ info ] [ LOG ] INIT File
[ sql ] [ DB ] CONNECT:[ UseTime:0.015600s ] mysql:dbname=yusuzhou_youacl;host=127.0.0.1;port=3306;charset=utf8
[ sql ] [ SQL ] SHOW COLUMNS FROM `ysz_admin_config` [ RunTime:0.000000s ]
[ sql ] [ SQL ] SELECT `name`,`value`,`type` FROM `ysz_admin_config` [ RunTime:0.000000s ]
[ sql ] [ SQL ] SHOW COLUMNS FROM `ysz_admin_module` [ RunTime:0.000000s ]
[ sql ] [ SQL ] SELECT `name`,`config` FROM `ysz_admin_module` WHERE  `config` <> '' [ RunTime:0.000000s ]
[ sql ] [ SQL ] SHOW COLUMNS FROM `ysz_admin_hook` [ RunTime:0.000000s ]
[ sql ] [ SQL ] SELECT `name`,`status` FROM `ysz_admin_hook` WHERE  `status` = 1 [ RunTime:0.000000s ]
[ sql ] [ SQL ] SHOW COLUMNS FROM `ysz_admin_plugin` [ RunTime:0.015600s ]
[ sql ] [ SQL ] SELECT `name`,`status` FROM `ysz_admin_plugin` WHERE  `status` = 1 [ RunTime:0.000000s ]
[ sql ] [ SQL ] SHOW COLUMNS FROM `ysz_admin_hook_plugin` [ RunTime:0.000000s ]
[ sql ] [ SQL ] SELECT * FROM `ysz_admin_hook_plugin` WHERE  `status` = 1 ORDER BY hook,sort [ RunTime:0.000000s ]
[ sql ] [ SQL ] SHOW COLUMNS FROM `ysz_shop_goods` [ RunTime:0.000000s ]
[ sql ] [ SQL ] SELECT * FROM `ysz_shop_goods` WHERE  `cid` = 2 [ RunTime:0.015600s ]
---------------------------------------------------------------
[ 2018-05-11T09:17:22+08:00 ] 127.0.0.1 127.0.0.1 GET /yusuzhou/index.php/shop/goods/tuijian
[ info ] 127.0.0.1/yusuzhou/index.php/shop/goods/tuijian [运行时间：0.062400s][吞吐率：16.03req/s] [内存消耗：2,475.13kb] [文件加载：65]
[ info ] [ LANG ] D:\phpStudy\WWW\yusuzhou\thinkphp\lang\zh-cn.php
[ info ] [ ROUTE ] array (
  'type' => 'module',
  'module' => 
  array (
    0 => 'shop',
    1 => 'goods',
    2 => 'tuijian',
  ),
)
[ info ] [ HEADER ] array (
  'cache-control' => 'max-age=0',
  'upgrade-insecure-requests' => '1',
  'connection' => 'close',
  'accept-encoding' => 'gzip, deflate',
  'accept-language' => 'zh-CN,zh;q=0.8,zh-TW;q=0.7,zh-HK;q=0.5,en-US;q=0.3,en;q=0.2',
  'accept' => 'text/html,application/xhtml+xml,application/xml;q=0.9,*/*;q=0.8',
  'user-agent' => 'Mozilla/5.0 (Windows NT 6.1; WOW64; rv:59.0) Gecko/20100101 Firefox/59.0',
  'host' => '127.0.0.1',
)
[ info ] [ PARAM ] array (
)
[ info ] [ CACHE ] INIT File
[ info ] [ DB ] INIT mysql
[ info ] [ BEHAVIOR ] Run app\common\behavior\Config @app_begin [ RunTime:0.015600s ]
[ info ] [ BEHAVIOR ] Run app\common\behavior\Hook @app_begin [ RunTime:0.015600s ]
[ info ] [ RUN ] app\shop\home\Goods->tuijian[ D:\phpStudy\WWW\yusuzhou\application\shop\home\Goods.php ]
[ info ] [ LOG ] INIT File
[ sql ] [ DB ] CONNECT:[ UseTime:0.000000s ] mysql:dbname=yusuzhou_youacl;host=127.0.0.1;port=3306;charset=utf8
[ sql ] [ SQL ] SHOW COLUMNS FROM `ysz_admin_config` [ RunTime:0.015600s ]
[ sql ] [ SQL ] SELECT `name`,`value`,`type` FROM `ysz_admin_config` [ RunTime:0.000000s ]
[ sql ] [ SQL ] SHOW COLUMNS FROM `ysz_admin_module` [ RunTime:0.000000s ]
[ sql ] [ SQL ] SELECT `name`,`config` FROM `ysz_admin_module` WHERE  `config` <> '' [ RunTime:0.000000s ]
[ sql ] [ SQL ] SHOW COLUMNS FROM `ysz_admin_hook` [ RunTime:0.000000s ]
[ sql ] [ SQL ] SELECT `name`,`status` FROM `ysz_admin_hook` WHERE  `status` = 1 [ RunTime:0.000000s ]
[ sql ] [ SQL ] SHOW COLUMNS FROM `ysz_admin_plugin` [ RunTime:0.000000s ]
[ sql ] [ SQL ] SELECT `name`,`status` FROM `ysz_admin_plugin` WHERE  `status` = 1 [ RunTime:0.000000s ]
[ sql ] [ SQL ] SHOW COLUMNS FROM `ysz_admin_hook_plugin` [ RunTime:0.000000s ]
[ sql ] [ SQL ] SELECT * FROM `ysz_admin_hook_plugin` WHERE  `status` = 1 ORDER BY hook,sort [ RunTime:0.000000s ]
[ sql ] [ SQL ] SHOW COLUMNS FROM `ysz_shop_goods` [ RunTime:0.000000s ]
[ sql ] [ SQL ] SELECT * FROM `ysz_shop_goods` WHERE  `cid` = 2 [ RunTime:0.000000s ]
---------------------------------------------------------------
[ 2018-05-11T09:17:39+08:00 ] 127.0.0.1 127.0.0.1 GET /yusuzhou/index.php/shop/goods/tuijian
[ info ] 127.0.0.1/yusuzhou/index.php/shop/goods/tuijian [运行时间：0.093600s][吞吐率：10.68req/s] [内存消耗：2,474.94kb] [文件加载：65]
[ info ] [ LANG ] D:\phpStudy\WWW\yusuzhou\thinkphp\lang\zh-cn.php
[ info ] [ ROUTE ] array (
  'type' => 'module',
  'module' => 
  array (
    0 => 'shop',
    1 => 'goods',
    2 => 'tuijian',
  ),
)
[ info ] [ HEADER ] array (
  'cache-control' => 'no-cache',
  'pragma' => 'no-cache',
  'upgrade-insecure-requests' => '1',
  'connection' => 'close',
  'accept-encoding' => 'gzip, deflate',
  'accept-language' => 'zh-CN,zh;q=0.8,zh-TW;q=0.7,zh-HK;q=0.5,en-US;q=0.3,en;q=0.2',
  'accept' => 'text/html,application/xhtml+xml,application/xml;q=0.9,*/*;q=0.8',
  'user-agent' => 'Mozilla/5.0 (Windows NT 6.1; WOW64; rv:59.0) Gecko/20100101 Firefox/59.0',
  'host' => '127.0.0.1',
)
[ info ] [ PARAM ] array (
)
[ info ] [ CACHE ] INIT File
[ info ] [ DB ] INIT mysql
[ info ] [ BEHAVIOR ] Run app\common\behavior\Config @app_begin [ RunTime:0.015600s ]
[ info ] [ BEHAVIOR ] Run app\common\behavior\Hook @app_begin [ RunTime:0.015600s ]
[ info ] [ RUN ] app\shop\home\Goods->tuijian[ D:\phpStudy\WWW\yusuzhou\application\shop\home\Goods.php ]
[ info ] [ LOG ] INIT File
[ sql ] [ DB ] CONNECT:[ UseTime:0.000000s ] mysql:dbname=yusuzhou_youacl;host=127.0.0.1;port=3306;charset=utf8
[ sql ] [ SQL ] SHOW COLUMNS FROM `ysz_admin_config` [ RunTime:0.000000s ]
[ sql ] [ SQL ] SELECT `name`,`value`,`type` FROM `ysz_admin_config` [ RunTime:0.000000s ]
[ sql ] [ SQL ] SHOW COLUMNS FROM `ysz_admin_module` [ RunTime:0.000000s ]
[ sql ] [ SQL ] SELECT `name`,`config` FROM `ysz_admin_module` WHERE  `config` <> '' [ RunTime:0.000000s ]
[ sql ] [ SQL ] SHOW COLUMNS FROM `ysz_admin_hook` [ RunTime:0.015600s ]
[ sql ] [ SQL ] SELECT `name`,`status` FROM `ysz_admin_hook` WHERE  `status` = 1 [ RunTime:0.000000s ]
[ sql ] [ SQL ] SHOW COLUMNS FROM `ysz_admin_plugin` [ RunTime:0.000000s ]
[ sql ] [ SQL ] SELECT `name`,`status` FROM `ysz_admin_plugin` WHERE  `status` = 1 [ RunTime:0.000000s ]
[ sql ] [ SQL ] SHOW COLUMNS FROM `ysz_admin_hook_plugin` [ RunTime:0.000000s ]
[ sql ] [ SQL ] SELECT * FROM `ysz_admin_hook_plugin` WHERE  `status` = 1 ORDER BY hook,sort [ RunTime:0.000000s ]
[ sql ] [ SQL ] SHOW COLUMNS FROM `ysz_shop_goods` [ RunTime:0.015600s ]
[ sql ] [ SQL ] SELECT * FROM `ysz_shop_goods` WHERE  `cid` = 2 [ RunTime:0.000000s ]
---------------------------------------------------------------
[ 2018-05-11T14:30:11+08:00 ] 127.0.0.1 127.0.0.1 GET /yusuzhou/index.php/user/tongji/index.html
[ info ] 127.0.0.1/yusuzhou/index.php/user/tongji/index.html [运行时间：0.060003s][吞吐率：16.67req/s] [内存消耗：2,245.97kb] [文件加载：60]
[ info ] [ LANG ] D:\phpStudy\WWW\yusuzhou\thinkphp\lang\zh-cn.php
[ info ] [ ROUTE ] array (
  'type' => 'module',
  'module' => 
  array (
    0 => 'user',
    1 => 'tongji',
    2 => 'index',
  ),
)
[ info ] [ HEADER ] array (
  'upgrade-insecure-requests' => '1',
  'connection' => 'close',
  'accept-encoding' => 'gzip, deflate',
  'accept-language' => 'zh-CN,zh;q=0.8,zh-TW;q=0.7,zh-HK;q=0.5,en-US;q=0.3,en;q=0.2',
  'accept' => 'text/html,application/xhtml+xml,application/xml;q=0.9,*/*;q=0.8',
  'user-agent' => 'Mozilla/5.0 (Windows NT 6.1; WOW64; rv:59.0) Gecko/20100101 Firefox/59.0',
  'host' => '127.0.0.1',
)
[ info ] [ PARAM ] array (
)
[ info ] [ CACHE ] INIT File
[ info ] [ DB ] INIT mysql
[ info ] [ BEHAVIOR ] Run app\common\behavior\Config @app_begin [ RunTime:0.022001s ]
[ info ] [ BEHAVIOR ] Run app\common\behavior\Hook @app_begin [ RunTime:0.012001s ]
[ info ] [ LOG ] INIT File
[ sql ] [ DB ] CONNECT:[ UseTime:0.001000s ] mysql:dbname=yusuzhou_youacl;host=127.0.0.1;port=3306;charset=utf8
[ sql ] [ SQL ] SHOW COLUMNS FROM `ysz_admin_config` [ RunTime:0.003000s ]
[ sql ] [ SQL ] SELECT `name`,`value`,`type` FROM `ysz_admin_config` [ RunTime:0.001000s ]
[ sql ] [ SQL ] SHOW COLUMNS FROM `ysz_admin_module` [ RunTime:0.002000s ]
[ sql ] [ SQL ] SELECT `name`,`config` FROM `ysz_admin_module` WHERE  `config` <> '' [ RunTime:0.000000s ]
[ sql ] [ SQL ] SHOW COLUMNS FROM `ysz_admin_hook` [ RunTime:0.002000s ]
[ sql ] [ SQL ] SELECT `name`,`status` FROM `ysz_admin_hook` WHERE  `status` = 1 [ RunTime:0.000000s ]
[ sql ] [ SQL ] SHOW COLUMNS FROM `ysz_admin_plugin` [ RunTime:0.002000s ]
[ sql ] [ SQL ] SELECT `name`,`status` FROM `ysz_admin_plugin` WHERE  `status` = 1 [ RunTime:0.001000s ]
[ sql ] [ SQL ] SHOW COLUMNS FROM `ysz_admin_hook_plugin` [ RunTime:0.003000s ]
[ sql ] [ SQL ] SELECT * FROM `ysz_admin_hook_plugin` WHERE  `status` = 1 ORDER BY hook,sort [ RunTime:0.000000s ]
---------------------------------------------------------------
[ 2018-05-11T14:30:50+08:00 ] 127.0.0.1 127.0.0.1 GET /yusuzhou/index.php/admin/tongji/index.html
[ info ] 127.0.0.1/yusuzhou/index.php/admin/tongji/index.html [运行时间：0.024002s][吞吐率：41.66req/s] [内存消耗：1,041.98kb] [文件加载：38]
[ info ] [ LANG ] D:\phpStudy\WWW\yusuzhou\thinkphp\lang\zh-cn.php
[ info ] [ ROUTE ] array (
  'type' => 'module',
  'module' => 
  array (
    0 => 'admin',
    1 => 'tongji',
    2 => 'index',
  ),
)
[ info ] [ HEADER ] array (
  'upgrade-insecure-requests' => '1',
  'connection' => 'close',
  'accept-encoding' => 'gzip, deflate',
  'accept-language' => 'zh-CN,zh;q=0.8,zh-TW;q=0.7,zh-HK;q=0.5,en-US;q=0.3,en;q=0.2',
  'accept' => 'text/html,application/xhtml+xml,application/xml;q=0.9,*/*;q=0.8',
  'user-agent' => 'Mozilla/5.0 (Windows NT 6.1; WOW64; rv:59.0) Gecko/20100101 Firefox/59.0',
  'host' => '127.0.0.1',
)
[ info ] [ PARAM ] array (
)
[ info ] [ LOG ] INIT File
---------------------------------------------------------------
[ 2018-05-11T14:31:42+08:00 ] 127.0.0.1 127.0.0.1 GET /yusuzhou/admin.php/user/tongji/index.html
[ info ] 127.0.0.1/yusuzhou/admin.php/user/tongji/index.html [运行时间：0.106006s][吞吐率：9.43req/s] [内存消耗：2,645.13kb] [文件加载：68]
[ info ] [ LANG ] D:\phpStudy\WWW\yusuzhou\thinkphp\lang\zh-cn.php
[ info ] [ ROUTE ] array (
  'type' => 'module',
  'module' => 
  array (
    0 => 'user',
    1 => 'tongji',
    2 => 'index',
  ),
)
[ info ] [ HEADER ] array (
  'upgrade-insecure-requests' => '1',
  'connection' => 'close',
  'accept-encoding' => 'gzip, deflate',
  'accept-language' => 'zh-CN,zh;q=0.8,zh-TW;q=0.7,zh-HK;q=0.5,en-US;q=0.3,en;q=0.2',
  'accept' => 'text/html,application/xhtml+xml,application/xml;q=0.9,*/*;q=0.8',
  'user-agent' => 'Mozilla/5.0 (Windows NT 6.1; WOW64; rv:59.0) Gecko/20100101 Firefox/59.0',
  'host' => '127.0.0.1',
)
[ info ] [ PARAM ] array (
)
[ info ] [ CACHE ] INIT File
[ info ] [ DB ] INIT mysql
[ info ] [ BEHAVIOR ] Run app\common\behavior\Config @app_begin [ RunTime:0.039002s ]
[ info ] [ BEHAVIOR ] Run app\common\behavior\Hook @app_begin [ RunTime:0.013001s ]
[ info ] [ SESSION ] INIT array (
  'id' => '',
  'var_session_id' => '',
  'prefix' => 'dolphin_admin_',
  'type' => '',
  'auto_start' => true,
)
[ info ] [ LOG ] INIT File
[ sql ] [ DB ] CONNECT:[ UseTime:0.013001s ] mysql:dbname=yusuzhou_youacl;host=127.0.0.1;port=3306;charset=utf8
[ sql ] [ SQL ] SHOW COLUMNS FROM `ysz_admin_config` [ RunTime:0.003000s ]
[ sql ] [ SQL ] SELECT `name`,`value`,`type` FROM `ysz_admin_config` [ RunTime:0.001000s ]
[ sql ] [ SQL ] SHOW COLUMNS FROM `ysz_admin_module` [ RunTime:0.003000s ]
[ sql ] [ SQL ] SELECT `name`,`config` FROM `ysz_admin_module` WHERE  `config` <> '' [ RunTime:0.000000s ]
[ sql ] [ SQL ] SHOW COLUMNS FROM `ysz_admin_hook` [ RunTime:0.003000s ]
[ sql ] [ SQL ] SELECT `name`,`status` FROM `ysz_admin_hook` WHERE  `status` = 1 [ RunTime:0.000000s ]
[ sql ] [ SQL ] SHOW COLUMNS FROM `ysz_admin_plugin` [ RunTime:0.003000s ]
[ sql ] [ SQL ] SELECT `name`,`status` FROM `ysz_admin_plugin` WHERE  `status` = 1 [ RunTime:0.000000s ]
[ sql ] [ SQL ] SHOW COLUMNS FROM `ysz_admin_hook_plugin` [ RunTime:0.002001s ]
[ sql ] [ SQL ] SELECT * FROM `ysz_admin_hook_plugin` WHERE  `status` = 1 ORDER BY hook,sort [ RunTime:0.001000s ]
---------------------------------------------------------------
[ 2018-05-11T14:31:42+08:00 ] 127.0.0.1 127.0.0.1 GET /yusuzhou/admin.php/user/publics/signin.html
[ info ] 127.0.0.1/yusuzhou/admin.php/user/publics/signin.html [运行时间：0.051003s][吞吐率：19.61req/s] [内存消耗：2,709.33kb] [文件加载：68]
[ info ] [ LANG ] D:\phpStudy\WWW\yusuzhou\thinkphp\lang\zh-cn.php
[ info ] [ ROUTE ] array (
  'type' => 'module',
  'module' => 
  array (
    0 => 'user',
    1 => 'publics',
    2 => 'signin',
  ),
)
[ info ] [ HEADER ] array (
  'upgrade-insecure-requests' => '1',
  'connection' => 'close',
  'cookie' => 'PHPSESSID=hgjh68lbm2uj4942d6aporaun6',
  'accept-encoding' => 'gzip, deflate',
  'accept-language' => 'zh-CN,zh;q=0.8,zh-TW;q=0.7,zh-HK;q=0.5,en-US;q=0.3,en;q=0.2',
  'accept' => 'text/html,application/xhtml+xml,application/xml;q=0.9,*/*;q=0.8',
  'user-agent' => 'Mozilla/5.0 (Windows NT 6.1; WOW64; rv:59.0) Gecko/20100101 Firefox/59.0',
  'host' => '127.0.0.1',
)
[ info ] [ PARAM ] array (
)
[ info ] [ CACHE ] INIT File
[ info ] [ DB ] INIT mysql
[ info ] [ BEHAVIOR ] Run app\common\behavior\Config @app_begin [ RunTime:0.016001s ]
[ info ] [ BEHAVIOR ] Run app\common\behavior\Hook @app_begin [ RunTime:0.010001s ]
[ info ] [ RUN ] app\user\admin\Publics->signin[ D:\phpStudy\WWW\yusuzhou\application\user\admin\Publics.php ]
[ info ] [ SESSION ] INIT array (
  'id' => '',
  'var_session_id' => '',
  'prefix' => 'dolphin_admin_',
  'type' => '',
  'auto_start' => true,
)
[ info ] [ VIEW ] D:\phpStudy\WWW\yusuzhou/application/user/view/admin/publics\signin.html [ array (
) ]
[ info ] [ LOG ] INIT File
[ sql ] [ DB ] CONNECT:[ UseTime:0.000000s ] mysql:dbname=yusuzhou_youacl;host=127.0.0.1;port=3306;charset=utf8
[ sql ] [ SQL ] SHOW COLUMNS FROM `ysz_admin_config` [ RunTime:0.003000s ]
[ sql ] [ SQL ] SELECT `name`,`value`,`type` FROM `ysz_admin_config` [ RunTime:0.001000s ]
[ sql ] [ SQL ] SHOW COLUMNS FROM `ysz_admin_module` [ RunTime:0.003000s ]
[ sql ] [ SQL ] SELECT `name`,`config` FROM `ysz_admin_module` WHERE  `config` <> '' [ RunTime:0.000000s ]
[ sql ] [ SQL ] SHOW COLUMNS FROM `ysz_admin_hook` [ RunTime:0.003001s ]
[ sql ] [ SQL ] SELECT `name`,`status` FROM `ysz_admin_hook` WHERE  `status` = 1 [ RunTime:0.000000s ]
[ sql ] [ SQL ] SHOW COLUMNS FROM `ysz_admin_plugin` [ RunTime:0.002000s ]
[ sql ] [ SQL ] SELECT `name`,`status` FROM `ysz_admin_plugin` WHERE  `status` = 1 [ RunTime:0.000000s ]
[ sql ] [ SQL ] SHOW COLUMNS FROM `ysz_admin_hook_plugin` [ RunTime:0.002000s ]
[ sql ] [ SQL ] SELECT * FROM `ysz_admin_hook_plugin` WHERE  `status` = 1 ORDER BY hook,sort [ RunTime:0.000000s ]
---------------------------------------------------------------
[ 2018-05-11T14:31:52+08:00 ] 127.0.0.1 127.0.0.1 POST /yusuzhou/admin.php/user/publics/signin.html
[ info ] 127.0.0.1/yusuzhou/admin.php/user/publics/signin.html [运行时间：0.158009s][吞吐率：6.33req/s] [内存消耗：2,686.62kb] [文件加载：71]
[ info ] [ LANG ] D:\phpStudy\WWW\yusuzhou\thinkphp\lang\zh-cn.php
[ info ] [ ROUTE ] array (
  'type' => 'module',
  'module' => 
  array (
    0 => 'user',
    1 => 'publics',
    2 => 'signin',
  ),
)
[ info ] [ HEADER ] array (
  'connection' => 'close',
  'cookie' => 'PHPSESSID=hgjh68lbm2uj4942d6aporaun6',
  'content-length' => '29',
  'x-requested-with' => 'XMLHttpRequest',
  'content-type' => 'application/x-www-form-urlencoded; charset=UTF-8',
  'referer' => 'http://127.0.0.1/yusuzhou/admin.php/user/publics/signin.html',
  'accept-encoding' => 'gzip, deflate',
  'accept-language' => 'zh-CN,zh;q=0.8,zh-TW;q=0.7,zh-HK;q=0.5,en-US;q=0.3,en;q=0.2',
  'accept' => '*/*',
  'user-agent' => 'Mozilla/5.0 (Windows NT 6.1; WOW64; rv:59.0) Gecko/20100101 Firefox/59.0',
  'host' => '127.0.0.1',
)
[ info ] [ PARAM ] array (
  'username' => 'admin',
  'password' => 'admin',
)
[ info ] [ CACHE ] INIT File
[ info ] [ DB ] INIT mysql
[ info ] [ BEHAVIOR ] Run app\common\behavior\Config @app_begin [ RunTime:0.016001s ]
[ info ] [ BEHAVIOR ] Run app\common\behavior\Hook @app_begin [ RunTime:0.014001s ]
[ info ] [ RUN ] app\user\admin\Publics->signin[ D:\phpStudy\WWW\yusuzhou\application\user\admin\Publics.php ]
[ info ] [ SESSION ] INIT array (
  'id' => '',
  'var_session_id' => '',
  'prefix' => 'dolphin_admin_',
  'type' => '',
  'auto_start' => true,
)
[ info ] [ LOG ] INIT File
[ sql ] [ DB ] CONNECT:[ UseTime:0.000000s ] mysql:dbname=yusuzhou_youacl;host=127.0.0.1;port=3306;charset=utf8
[ sql ] [ SQL ] SHOW COLUMNS FROM `ysz_admin_config` [ RunTime:0.003001s ]
[ sql ] [ SQL ] SELECT `name`,`value`,`type` FROM `ysz_admin_config` [ RunTime:0.001000s ]
[ sql ] [ SQL ] SHOW COLUMNS FROM `ysz_admin_module` [ RunTime:0.002000s ]
[ sql ] [ SQL ] SELECT `name`,`config` FROM `ysz_admin_module` WHERE  `config` <> '' [ RunTime:0.000000s ]
[ sql ] [ SQL ] SHOW COLUMNS FROM `ysz_admin_hook` [ RunTime:0.002000s ]
[ sql ] [ SQL ] SELECT `name`,`status` FROM `ysz_admin_hook` WHERE  `status` = 1 [ RunTime:0.000000s ]
[ sql ] [ SQL ] SHOW COLUMNS FROM `ysz_admin_plugin` [ RunTime:0.003000s ]
[ sql ] [ SQL ] SELECT `name`,`status` FROM `ysz_admin_plugin` WHERE  `status` = 1 [ RunTime:0.001000s ]
[ sql ] [ SQL ] SHOW COLUMNS FROM `ysz_admin_hook_plugin` [ RunTime:0.003001s ]
[ sql ] [ SQL ] SELECT * FROM `ysz_admin_hook_plugin` WHERE  `status` = 1 ORDER BY hook,sort [ RunTime:0.001000s ]
[ sql ] [ SQL ] SHOW COLUMNS FROM `ysz_admin_user` [ RunTime:0.005000s ]
[ sql ] [ SQL ] SELECT * FROM `ysz_admin_user` WHERE  `username` = 'admin'  AND `status` = 1 LIMIT 1 [ RunTime:0.001000s ]
[ sql ] [ SQL ] SHOW COLUMNS FROM `ysz_admin_role` [ RunTime:0.003000s ]
[ sql ] [ SQL ] SELECT `access` FROM `ysz_admin_role` WHERE  `id` = 1 LIMIT 1 [ RunTime:0.001000s ]
[ sql ] [ SQL ] UPDATE `ysz_admin_user`  SET `last_login_time`=1526020312,`last_login_ip`=2130706433,`update_time`=1526020312  WHERE  `id` = 1 [ RunTime:0.001000s ]
[ sql ] [ SQL ] SELECT * FROM `ysz_admin_user` WHERE  `id` = 1 LIMIT 1 [ RunTime:0.001001s ]
[ sql ] [ SQL ] SELECT `name` FROM `ysz_admin_role` WHERE  `id` = 1 LIMIT 1 [ RunTime:0.000000s ]
[ sql ] [ SQL ] SHOW COLUMNS FROM `ysz_admin_action` [ RunTime:0.004000s ]
[ sql ] [ SQL ] SELECT * FROM `ysz_admin_action` WHERE  `module` = 'user'  AND `name` = 'user_signin' LIMIT 1 [ RunTime:0.000000s ]
---------------------------------------------------------------
[ 2018-05-11T14:31:54+08:00 ] 127.0.0.1 127.0.0.1 GET /yusuzhou/admin.php/admin/index/index.html
[ info ] 127.0.0.1/yusuzhou/admin.php/admin/index/index.html [运行时间：0.083005s][吞吐率：12.05req/s] [内存消耗：2,715.56kb] [文件加载：70]
[ info ] [ LANG ] D:\phpStudy\WWW\yusuzhou\thinkphp\lang\zh-cn.php
[ info ] [ ROUTE ] array (
  'type' => 'module',
  'module' => 
  array (
    0 => 'admin',
    1 => 'index',
    2 => 'index',
  ),
)
[ info ] [ HEADER ] array (
  'upgrade-insecure-requests' => '1',
  'connection' => 'close',
  'cookie' => 'PHPSESSID=hgjh68lbm2uj4942d6aporaun6',
  'referer' => 'http://127.0.0.1/yusuzhou/admin.php/user/publics/signin.html',
  'accept-encoding' => 'gzip, deflate',
  'accept-language' => 'zh-CN,zh;q=0.8,zh-TW;q=0.7,zh-HK;q=0.5,en-US;q=0.3,en;q=0.2',
  'accept' => 'text/html,application/xhtml+xml,application/xml;q=0.9,*/*;q=0.8',
  'user-agent' => 'Mozilla/5.0 (Windows NT 6.1; WOW64; rv:59.0) Gecko/20100101 Firefox/59.0',
  'host' => '127.0.0.1',
)
[ info ] [ PARAM ] array (
)
[ info ] [ CACHE ] INIT File
[ info ] [ DB ] INIT mysql
[ info ] [ BEHAVIOR ] Run app\common\behavior\Config @app_begin [ RunTime:0.022001s ]
[ info ] [ BEHAVIOR ] Run app\common\behavior\Hook @app_begin [ RunTime:0.010001s ]
[ info ] [ SESSION ] INIT array (
  'id' => '',
  'var_session_id' => '',
  'prefix' => 'dolphin_admin_',
  'type' => '',
  'auto_start' => true,
)
[ info ] [ LOG ] INIT File
[ sql ] [ DB ] CONNECT:[ UseTime:0.000000s ] mysql:dbname=yusuzhou_youacl;host=127.0.0.1;port=3306;charset=utf8
[ sql ] [ SQL ] SHOW COLUMNS FROM `ysz_admin_config` [ RunTime:0.003000s ]
[ sql ] [ SQL ] SELECT `name`,`value`,`type` FROM `ysz_admin_config` [ RunTime:0.000000s ]
[ sql ] [ SQL ] SHOW COLUMNS FROM `ysz_admin_module` [ RunTime:0.003000s ]
[ sql ] [ SQL ] SELECT `name`,`config` FROM `ysz_admin_module` WHERE  `config` <> '' [ RunTime:0.000000s ]
[ sql ] [ SQL ] SHOW COLUMNS FROM `ysz_admin_hook` [ RunTime:0.003001s ]
[ sql ] [ SQL ] SELECT `name`,`status` FROM `ysz_admin_hook` WHERE  `status` = 1 [ RunTime:0.000000s ]
[ sql ] [ SQL ] SHOW COLUMNS FROM `ysz_admin_plugin` [ RunTime:0.002000s ]
[ sql ] [ SQL ] SELECT `name`,`status` FROM `ysz_admin_plugin` WHERE  `status` = 1 [ RunTime:0.000000s ]
[ sql ] [ SQL ] SHOW COLUMNS FROM `ysz_admin_hook_plugin` [ RunTime:0.002000s ]
[ sql ] [ SQL ] SELECT * FROM `ysz_admin_hook_plugin` WHERE  `status` = 1 ORDER BY hook,sort [ RunTime:0.000000s ]
[ sql ] [ SQL ] SHOW COLUMNS FROM `ysz_admin_role` [ RunTime:0.002000s ]
[ sql ] [ SQL ] SELECT `menu_auth` FROM `ysz_admin_role` WHERE  `id` = 1 LIMIT 1 [ RunTime:0.000000s ]
[ sql ] [ SQL ] SHOW COLUMNS FROM `ysz_admin_menu` [ RunTime:0.006001s ]
[ sql ] [ SQL ] SELECT `id`,`url_value` FROM `ysz_admin_menu` WHERE  `id` = 0 [ RunTime:0.000000s ]
[ error ] [8]unserialize(): Error at offset 0 of 16 bytes[D:\phpStudy\WWW\yusuzhou\thinkphp\library\think\cache\driver\File.php:120]
