---------------------------------------------------------------
[ 2018-05-15T10:25:20+08:00 ] 127.0.0.1 127.0.0.1 GET /yusuzhou/
[ info ] 127.0.0.1/yusuzhou/ [运行时间：0.109200s][吞吐率：9.16req/s] [内存消耗：2,486.87kb] [文件加载：66]
[ info ] [ LANG ] D:\phpStudy\WWW\yusuzhou\thinkphp\lang\zh-cn.php
[ info ] [ ROUTE ] array (
  'type' => 'module',
  'module' => 
  array (
    0 => '',
    1 => NULL,
    2 => NULL,
  ),
)
[ info ] [ HEADER ] array (
  'upgrade-insecure-requests' => '1',
  'connection' => 'close',
  'referer' => 'http://127.0.0.1/',
  'accept-encoding' => 'gzip, deflate',
  'accept-language' => 'zh-CN,zh;q=0.8,zh-TW;q=0.7,zh-HK;q=0.5,en-US;q=0.3,en;q=0.2',
  'accept' => 'text/html,application/xhtml+xml,application/xml;q=0.9,*/*;q=0.8',
  'user-agent' => 'Mozilla/5.0 (Windows NT 6.1; WOW64; rv:60.0) Gecko/20100101 Firefox/60.0',
  'host' => '127.0.0.1',
)
[ info ] [ PARAM ] array (
)
[ info ] [ CACHE ] INIT File
[ info ] [ DB ] INIT mysql
[ info ] [ BEHAVIOR ] Run app\common\behavior\Config @app_begin [ RunTime:0.046800s ]
[ info ] [ BEHAVIOR ] Run app\common\behavior\Hook @app_begin [ RunTime:0.000000s ]
[ info ] [ RUN ] app\index\controller\Index->index[ D:\phpStudy\WWW\yusuzhou\application\index\controller\Index.php ]
[ info ] [ LOG ] INIT File
[ sql ] [ DB ] CONNECT:[ UseTime:0.015600s ] mysql:dbname=yusuzhou_youacl;host=127.0.0.1;port=3306;charset=utf8
[ sql ] [ SQL ] SHOW COLUMNS FROM `ysz_admin_config` [ RunTime:0.000000s ]
[ sql ] [ SQL ] SELECT `name`,`value`,`type` FROM `ysz_admin_config` [ RunTime:0.000000s ]
[ sql ] [ SQL ] SHOW COLUMNS FROM `ysz_admin_module` [ RunTime:0.000000s ]
[ sql ] [ SQL ] SELECT `name`,`config` FROM `ysz_admin_module` WHERE  `config` <> '' [ RunTime:0.000000s ]
[ sql ] [ SQL ] SHOW COLUMNS FROM `ysz_admin_hook` [ RunTime:0.000000s ]
[ sql ] [ SQL ] SELECT `name`,`status` FROM `ysz_admin_hook` WHERE  `status` = 1 [ RunTime:0.000000s ]
[ sql ] [ SQL ] SHOW COLUMNS FROM `ysz_admin_plugin` [ RunTime:0.000000s ]
[ sql ] [ SQL ] SELECT `name`,`status` FROM `ysz_admin_plugin` WHERE  `status` = 1 [ RunTime:0.000000s ]
[ sql ] [ SQL ] SHOW COLUMNS FROM `ysz_admin_hook_plugin` [ RunTime:0.000000s ]
[ sql ] [ SQL ] SELECT * FROM `ysz_admin_hook_plugin` WHERE  `status` = 1 ORDER BY hook,sort [ RunTime:0.000000s ]
---------------------------------------------------------------
[ 2018-05-15T10:25:38+08:00 ] 127.0.0.1 127.0.0.1 GET /yusuzhou/index.php/shop/goods/xiang
[ info ] 127.0.0.1/yusuzhou/index.php/shop/goods/xiang [运行时间：0.078000s][吞吐率：12.82req/s] [内存消耗：2,557.04kb] [文件加载：72]
[ info ] [ LANG ] D:\phpStudy\WWW\yusuzhou\thinkphp\lang\zh-cn.php
[ info ] [ ROUTE ] array (
  'type' => 'module',
  'module' => 
  array (
    0 => 'shop',
    1 => 'goods',
    2 => 'xiang',
  ),
)
[ info ] [ HEADER ] array (
  'upgrade-insecure-requests' => '1',
  'connection' => 'close',
  'accept-encoding' => 'gzip, deflate',
  'accept-language' => 'zh-CN,zh;q=0.8,zh-TW;q=0.7,zh-HK;q=0.5,en-US;q=0.3,en;q=0.2',
  'accept' => 'text/html,application/xhtml+xml,application/xml;q=0.9,*/*;q=0.8',
  'user-agent' => 'Mozilla/5.0 (Windows NT 6.1; WOW64; rv:60.0) Gecko/20100101 Firefox/60.0',
  'host' => '127.0.0.1',
)
[ info ] [ PARAM ] array (
)
[ info ] [ CACHE ] INIT File
[ info ] [ DB ] INIT mysql
[ info ] [ BEHAVIOR ] Run app\common\behavior\Config @app_begin [ RunTime:0.015600s ]
[ info ] [ BEHAVIOR ] Run app\common\behavior\Hook @app_begin [ RunTime:0.015600s ]
[ info ] [ RUN ] app\shop\home\Goods->xiang[ D:\phpStudy\WWW\yusuzhou\application\shop\home\Goods.php ]
[ info ] [ LOG ] INIT File
[ sql ] [ DB ] CONNECT:[ UseTime:0.000000s ] mysql:dbname=yusuzhou_youacl;host=127.0.0.1;port=3306;charset=utf8
[ sql ] [ SQL ] SHOW COLUMNS FROM `ysz_admin_config` [ RunTime:0.000000s ]
[ sql ] [ SQL ] SELECT `name`,`value`,`type` FROM `ysz_admin_config` [ RunTime:0.000000s ]
[ sql ] [ SQL ] SHOW COLUMNS FROM `ysz_admin_module` [ RunTime:0.000000s ]
[ sql ] [ SQL ] SELECT `name`,`config` FROM `ysz_admin_module` WHERE  `config` <> '' [ RunTime:0.000000s ]
[ sql ] [ SQL ] SHOW COLUMNS FROM `ysz_admin_hook` [ RunTime:0.000000s ]
[ sql ] [ SQL ] SELECT `name`,`status` FROM `ysz_admin_hook` WHERE  `status` = 1 [ RunTime:0.000000s ]
[ sql ] [ SQL ] SHOW COLUMNS FROM `ysz_admin_plugin` [ RunTime:0.000000s ]
[ sql ] [ SQL ] SELECT `name`,`status` FROM `ysz_admin_plugin` WHERE  `status` = 1 [ RunTime:0.000000s ]
[ sql ] [ SQL ] SHOW COLUMNS FROM `ysz_admin_hook_plugin` [ RunTime:0.000000s ]
[ sql ] [ SQL ] SELECT * FROM `ysz_admin_hook_plugin` WHERE  `status` = 1 ORDER BY hook,sort [ RunTime:0.000000s ]
[ error ] [10501]SQLSTATE[42S02]: Base table or view not found: 1146 Table 'yusuzhou_youacl.shop_goods' doesn't exist[D:\phpStudy\WWW\yusuzhou\thinkphp\library\think\db\Connection.php:388]
---------------------------------------------------------------
[ 2018-05-15T10:26:08+08:00 ] 127.0.0.1 127.0.0.1 GET /yusuzhou/index.php/shop/goods/xing
[ info ] 127.0.0.1/yusuzhou/index.php/shop/goods/xing [运行时间：0.078001s][吞吐率：12.82req/s] [内存消耗：2,589.59kb] [文件加载：67]
[ info ] [ LANG ] D:\phpStudy\WWW\yusuzhou\thinkphp\lang\zh-cn.php
[ info ] [ ROUTE ] array (
  'type' => 'module',
  'module' => 
  array (
    0 => 'shop',
    1 => 'goods',
    2 => 'xing',
  ),
)
[ info ] [ HEADER ] array (
  'upgrade-insecure-requests' => '1',
  'connection' => 'close',
  'accept-encoding' => 'gzip, deflate',
  'accept-language' => 'zh-CN,zh;q=0.8,zh-TW;q=0.7,zh-HK;q=0.5,en-US;q=0.3,en;q=0.2',
  'accept' => 'text/html,application/xhtml+xml,application/xml;q=0.9,*/*;q=0.8',
  'user-agent' => 'Mozilla/5.0 (Windows NT 6.1; WOW64; rv:60.0) Gecko/20100101 Firefox/60.0',
  'host' => '127.0.0.1',
)
[ info ] [ PARAM ] array (
)
[ info ] [ CACHE ] INIT File
[ info ] [ DB ] INIT mysql
[ info ] [ BEHAVIOR ] Run app\common\behavior\Config @app_begin [ RunTime:0.031200s ]
[ info ] [ BEHAVIOR ] Run app\common\behavior\Hook @app_begin [ RunTime:0.015601s ]
[ info ] [ RUN ] app\shop\home\Goods->xing[ D:\phpStudy\WWW\yusuzhou\application\shop\home\Goods.php ]
[ info ] [ LOG ] INIT File
[ sql ] [ DB ] CONNECT:[ UseTime:0.000000s ] mysql:dbname=yusuzhou_youacl;host=127.0.0.1;port=3306;charset=utf8
[ sql ] [ SQL ] SHOW COLUMNS FROM `ysz_admin_config` [ RunTime:0.015600s ]
[ sql ] [ SQL ] SELECT `name`,`value`,`type` FROM `ysz_admin_config` [ RunTime:0.000000s ]
[ sql ] [ SQL ] SHOW COLUMNS FROM `ysz_admin_module` [ RunTime:0.000000s ]
[ sql ] [ SQL ] SELECT `name`,`config` FROM `ysz_admin_module` WHERE  `config` <> '' [ RunTime:0.000000s ]
[ sql ] [ SQL ] SHOW COLUMNS FROM `ysz_admin_hook` [ RunTime:0.000000s ]
[ sql ] [ SQL ] SELECT `name`,`status` FROM `ysz_admin_hook` WHERE  `status` = 1 [ RunTime:0.000000s ]
[ sql ] [ SQL ] SHOW COLUMNS FROM `ysz_admin_plugin` [ RunTime:0.000000s ]
[ sql ] [ SQL ] SELECT `name`,`status` FROM `ysz_admin_plugin` WHERE  `status` = 1 [ RunTime:0.000000s ]
[ sql ] [ SQL ] SHOW COLUMNS FROM `ysz_admin_hook_plugin` [ RunTime:0.000000s ]
[ sql ] [ SQL ] SELECT * FROM `ysz_admin_hook_plugin` WHERE  `status` = 1 ORDER BY hook,sort [ RunTime:0.015601s ]
[ sql ] [ SQL ] SHOW COLUMNS FROM `ysz_shop_goods` [ RunTime:0.000000s ]
[ sql ] [ SQL ] SELECT * FROM `ysz_shop_goods` `g` INNER JOIN `ysz_shop_attr` `a` ON `g`.`id`=`a`.`goods_id` [ RunTime:0.000000s ]
---------------------------------------------------------------
[ 2018-05-15T10:26:28+08:00 ] 127.0.0.1 127.0.0.1 GET /yusuzhou/index.php/shop/goods/xing
[ info ] 127.0.0.1/yusuzhou/index.php/shop/goods/xing [运行时间：0.078000s][吞吐率：12.82req/s] [内存消耗：2,557.02kb] [文件加载：72]
[ info ] [ LANG ] D:\phpStudy\WWW\yusuzhou\thinkphp\lang\zh-cn.php
[ info ] [ ROUTE ] array (
  'type' => 'module',
  'module' => 
  array (
    0 => 'shop',
    1 => 'goods',
    2 => 'xing',
  ),
)
[ info ] [ HEADER ] array (
  'cache-control' => 'max-age=0',
  'upgrade-insecure-requests' => '1',
  'connection' => 'close',
  'accept-encoding' => 'gzip, deflate',
  'accept-language' => 'zh-CN,zh;q=0.8,zh-TW;q=0.7,zh-HK;q=0.5,en-US;q=0.3,en;q=0.2',
  'accept' => 'text/html,application/xhtml+xml,application/xml;q=0.9,*/*;q=0.8',
  'user-agent' => 'Mozilla/5.0 (Windows NT 6.1; WOW64; rv:60.0) Gecko/20100101 Firefox/60.0',
  'host' => '127.0.0.1',
)
[ info ] [ PARAM ] array (
)
[ info ] [ CACHE ] INIT File
[ info ] [ DB ] INIT mysql
[ info ] [ BEHAVIOR ] Run app\common\behavior\Config @app_begin [ RunTime:0.031200s ]
[ info ] [ BEHAVIOR ] Run app\common\behavior\Hook @app_begin [ RunTime:0.015600s ]
[ info ] [ RUN ] app\shop\home\Goods->xing[ D:\phpStudy\WWW\yusuzhou\application\shop\home\Goods.php ]
[ info ] [ LOG ] INIT File
[ sql ] [ DB ] CONNECT:[ UseTime:0.015600s ] mysql:dbname=yusuzhou_youacl;host=127.0.0.1;port=3306;charset=utf8
[ sql ] [ SQL ] SHOW COLUMNS FROM `ysz_admin_config` [ RunTime:0.000000s ]
[ sql ] [ SQL ] SELECT `name`,`value`,`type` FROM `ysz_admin_config` [ RunTime:0.000000s ]
[ sql ] [ SQL ] SHOW COLUMNS FROM `ysz_admin_module` [ RunTime:0.000000s ]
[ sql ] [ SQL ] SELECT `name`,`config` FROM `ysz_admin_module` WHERE  `config` <> '' [ RunTime:0.000000s ]
[ sql ] [ SQL ] SHOW COLUMNS FROM `ysz_admin_hook` [ RunTime:0.000000s ]
[ sql ] [ SQL ] SELECT `name`,`status` FROM `ysz_admin_hook` WHERE  `status` = 1 [ RunTime:0.000000s ]
[ sql ] [ SQL ] SHOW COLUMNS FROM `ysz_admin_plugin` [ RunTime:0.000000s ]
[ sql ] [ SQL ] SELECT `name`,`status` FROM `ysz_admin_plugin` WHERE  `status` = 1 [ RunTime:0.000000s ]
[ sql ] [ SQL ] SHOW COLUMNS FROM `ysz_admin_hook_plugin` [ RunTime:0.015600s ]
[ sql ] [ SQL ] SELECT * FROM `ysz_admin_hook_plugin` WHERE  `status` = 1 ORDER BY hook,sort [ RunTime:0.000000s ]
[ sql ] [ SQL ] SHOW COLUMNS FROM `ysz_shop_goods` [ RunTime:0.000000s ]
[ error ] [10501]SQLSTATE[42S22]: Column not found: 1054 Unknown column 'g.$id' in 'on clause'[D:\phpStudy\WWW\yusuzhou\thinkphp\library\think\db\Connection.php:388]
---------------------------------------------------------------
[ 2018-05-15T10:30:07+08:00 ] 127.0.0.1 127.0.0.1 GET /yusuzhou/index.php/shop/goods/xing
[ info ] 127.0.0.1/yusuzhou/index.php/shop/goods/xing [运行时间：0.062400s][吞吐率：16.03req/s] [内存消耗：2,549.16kb] [文件加载：67]
[ info ] [ LANG ] D:\phpStudy\WWW\yusuzhou\thinkphp\lang\zh-cn.php
[ info ] [ ROUTE ] array (
  'type' => 'module',
  'module' => 
  array (
    0 => 'shop',
    1 => 'goods',
    2 => 'xing',
  ),
)
[ info ] [ HEADER ] array (
  'cache-control' => 'max-age=0',
  'upgrade-insecure-requests' => '1',
  'connection' => 'close',
  'accept-encoding' => 'gzip, deflate',
  'accept-language' => 'zh-CN,zh;q=0.8,zh-TW;q=0.7,zh-HK;q=0.5,en-US;q=0.3,en;q=0.2',
  'accept' => 'text/html,application/xhtml+xml,application/xml;q=0.9,*/*;q=0.8',
  'user-agent' => 'Mozilla/5.0 (Windows NT 6.1; WOW64; rv:60.0) Gecko/20100101 Firefox/60.0',
  'host' => '127.0.0.1',
)
[ info ] [ PARAM ] array (
)
[ info ] [ CACHE ] INIT File
[ info ] [ DB ] INIT mysql
[ info ] [ BEHAVIOR ] Run app\common\behavior\Config @app_begin [ RunTime:0.015600s ]
[ info ] [ BEHAVIOR ] Run app\common\behavior\Hook @app_begin [ RunTime:0.015600s ]
[ info ] [ RUN ] app\shop\home\Goods->xing[ D:\phpStudy\WWW\yusuzhou\application\shop\home\Goods.php ]
[ info ] [ LOG ] INIT File
[ sql ] [ DB ] CONNECT:[ UseTime:0.000000s ] mysql:dbname=yusuzhou_youacl;host=127.0.0.1;port=3306;charset=utf8
[ sql ] [ SQL ] SHOW COLUMNS FROM `ysz_admin_config` [ RunTime:0.000000s ]
[ sql ] [ SQL ] SELECT `name`,`value`,`type` FROM `ysz_admin_config` [ RunTime:0.000000s ]
[ sql ] [ SQL ] SHOW COLUMNS FROM `ysz_admin_module` [ RunTime:0.000000s ]
[ sql ] [ SQL ] SELECT `name`,`config` FROM `ysz_admin_module` WHERE  `config` <> '' [ RunTime:0.000000s ]
[ sql ] [ SQL ] SHOW COLUMNS FROM `ysz_admin_hook` [ RunTime:0.000000s ]
[ sql ] [ SQL ] SELECT `name`,`status` FROM `ysz_admin_hook` WHERE  `status` = 1 [ RunTime:0.000000s ]
[ sql ] [ SQL ] SHOW COLUMNS FROM `ysz_admin_plugin` [ RunTime:0.015600s ]
[ sql ] [ SQL ] SELECT `name`,`status` FROM `ysz_admin_plugin` WHERE  `status` = 1 [ RunTime:0.000000s ]
[ sql ] [ SQL ] SHOW COLUMNS FROM `ysz_admin_hook_plugin` [ RunTime:0.000000s ]
[ sql ] [ SQL ] SELECT * FROM `ysz_admin_hook_plugin` WHERE  `status` = 1 ORDER BY hook,sort [ RunTime:0.000000s ]
[ sql ] [ SQL ] SHOW COLUMNS FROM `ysz_shop_goods` [ RunTime:0.000000s ]
[ sql ] [ SQL ] SELECT * FROM `ysz_shop_goods` `g` INNER JOIN `ysz_shop_attr` `a` ON `g`.`id`=`a`.`goods_id` WHERE  `id` = 31 [ RunTime:0.000000s ]
---------------------------------------------------------------
[ 2018-05-15T13:00:19+08:00 ] 127.0.0.1 127.0.0.1 GET /yusuzhou/index.php/shop/goods/xing
[ info ] 127.0.0.1/yusuzhou/index.php/shop/goods/xing [运行时间：0.062400s][吞吐率：16.03req/s] [内存消耗：2,570.54kb] [文件加载：71]
[ info ] [ LANG ] D:\phpStudy\WWW\yusuzhou\thinkphp\lang\zh-cn.php
[ info ] [ ROUTE ] array (
  'type' => 'module',
  'module' => 
  array (
    0 => 'shop',
    1 => 'goods',
    2 => 'xing',
  ),
)
[ info ] [ HEADER ] array (
  'cache-control' => 'max-age=0',
  'upgrade-insecure-requests' => '1',
  'connection' => 'close',
  'accept-encoding' => 'gzip, deflate',
  'accept-language' => 'zh-CN,zh;q=0.8,zh-TW;q=0.7,zh-HK;q=0.5,en-US;q=0.3,en;q=0.2',
  'accept' => 'text/html,application/xhtml+xml,application/xml;q=0.9,*/*;q=0.8',
  'user-agent' => 'Mozilla/5.0 (Windows NT 6.1; WOW64; rv:60.0) Gecko/20100101 Firefox/60.0',
  'host' => '127.0.0.1',
)
[ info ] [ PARAM ] array (
)
[ info ] [ CACHE ] INIT File
[ info ] [ DB ] INIT mysql
[ info ] [ BEHAVIOR ] Run app\common\behavior\Config @app_begin [ RunTime:0.015600s ]
[ info ] [ BEHAVIOR ] Run app\common\behavior\Hook @app_begin [ RunTime:0.015600s ]
[ info ] [ RUN ] app\shop\home\Goods->xing[ D:\phpStudy\WWW\yusuzhou\application\shop\home\Goods.php ]
[ info ] [ LOG ] INIT File
[ sql ] [ DB ] CONNECT:[ UseTime:0.000000s ] mysql:dbname=yusuzhou_youacl;host=127.0.0.1;port=3306;charset=utf8
[ sql ] [ SQL ] SHOW COLUMNS FROM `ysz_admin_config` [ RunTime:0.015600s ]
[ sql ] [ SQL ] SELECT `name`,`value`,`type` FROM `ysz_admin_config` [ RunTime:0.000000s ]
[ sql ] [ SQL ] SHOW COLUMNS FROM `ysz_admin_module` [ RunTime:0.000000s ]
[ sql ] [ SQL ] SELECT `name`,`config` FROM `ysz_admin_module` WHERE  `config` <> '' [ RunTime:0.000000s ]
[ sql ] [ SQL ] SHOW COLUMNS FROM `ysz_admin_hook` [ RunTime:0.000000s ]
[ sql ] [ SQL ] SELECT `name`,`status` FROM `ysz_admin_hook` WHERE  `status` = 1 [ RunTime:0.000000s ]
[ sql ] [ SQL ] SHOW COLUMNS FROM `ysz_admin_plugin` [ RunTime:0.015600s ]
[ sql ] [ SQL ] SELECT `name`,`status` FROM `ysz_admin_plugin` WHERE  `status` = 1 [ RunTime:0.000000s ]
[ sql ] [ SQL ] SHOW COLUMNS FROM `ysz_admin_hook_plugin` [ RunTime:0.000000s ]
[ sql ] [ SQL ] SELECT * FROM `ysz_admin_hook_plugin` WHERE  `status` = 1 ORDER BY hook,sort [ RunTime:0.000000s ]
[ sql ] [ SQL ] SHOW COLUMNS FROM `ysz_shop_goods` [ RunTime:0.000000s ]
[ sql ] [ SQL ] SELECT * FROM `ysz_shop_goods` `g` INNER JOIN `ysz_shop_attr` `a` ON `g`.`id`=`a`.`goods_id` WHERE  `id` IS NULL [ RunTime:0.000000s ]
[ error ] [8]未定义数组索引: images[D:\phpStudy\WWW\yusuzhou\application\shop\home\Goods.php:74]
---------------------------------------------------------------
[ 2018-05-15T13:00:29+08:00 ] 127.0.0.1 127.0.0.1 GET /yusuzhou/index.php/shop/goods/xing
[ info ] 127.0.0.1/yusuzhou/index.php/shop/goods/xing [运行时间：0.078000s][吞吐率：12.82req/s] [内存消耗：2,477.56kb] [文件加载：65]
[ info ] [ LANG ] D:\phpStudy\WWW\yusuzhou\thinkphp\lang\zh-cn.php
[ info ] [ ROUTE ] array (
  'type' => 'module',
  'module' => 
  array (
    0 => 'shop',
    1 => 'goods',
    2 => 'xing',
  ),
)
[ info ] [ HEADER ] array (
  'cache-control' => 'max-age=0',
  'upgrade-insecure-requests' => '1',
  'connection' => 'close',
  'accept-encoding' => 'gzip, deflate',
  'accept-language' => 'zh-CN,zh;q=0.8,zh-TW;q=0.7,zh-HK;q=0.5,en-US;q=0.3,en;q=0.2',
  'accept' => 'text/html,application/xhtml+xml,application/xml;q=0.9,*/*;q=0.8',
  'user-agent' => 'Mozilla/5.0 (Windows NT 6.1; WOW64; rv:60.0) Gecko/20100101 Firefox/60.0',
  'host' => '127.0.0.1',
)
[ info ] [ PARAM ] array (
)
[ info ] [ CACHE ] INIT File
[ info ] [ DB ] INIT mysql
[ info ] [ BEHAVIOR ] Run app\common\behavior\Config @app_begin [ RunTime:0.015600s ]
[ info ] [ BEHAVIOR ] Run app\common\behavior\Hook @app_begin [ RunTime:0.015600s ]
[ info ] [ RUN ] app\shop\home\Goods->xing[ D:\phpStudy\WWW\yusuzhou\application\shop\home\Goods.php ]
[ info ] [ LOG ] INIT File
[ sql ] [ DB ] CONNECT:[ UseTime:0.000000s ] mysql:dbname=yusuzhou_youacl;host=127.0.0.1;port=3306;charset=utf8
[ sql ] [ SQL ] SHOW COLUMNS FROM `ysz_admin_config` [ RunTime:0.000000s ]
[ sql ] [ SQL ] SELECT `name`,`value`,`type` FROM `ysz_admin_config` [ RunTime:0.000000s ]
[ sql ] [ SQL ] SHOW COLUMNS FROM `ysz_admin_module` [ RunTime:0.000000s ]
[ sql ] [ SQL ] SELECT `name`,`config` FROM `ysz_admin_module` WHERE  `config` <> '' [ RunTime:0.000000s ]
[ sql ] [ SQL ] SHOW COLUMNS FROM `ysz_admin_hook` [ RunTime:0.000000s ]
[ sql ] [ SQL ] SELECT `name`,`status` FROM `ysz_admin_hook` WHERE  `status` = 1 [ RunTime:0.000000s ]
[ sql ] [ SQL ] SHOW COLUMNS FROM `ysz_admin_plugin` [ RunTime:0.000000s ]
[ sql ] [ SQL ] SELECT `name`,`status` FROM `ysz_admin_plugin` WHERE  `status` = 1 [ RunTime:0.000000s ]
[ sql ] [ SQL ] SHOW COLUMNS FROM `ysz_admin_hook_plugin` [ RunTime:0.000000s ]
[ sql ] [ SQL ] SELECT * FROM `ysz_admin_hook_plugin` WHERE  `status` = 1 ORDER BY hook,sort [ RunTime:0.000000s ]
[ sql ] [ SQL ] SHOW COLUMNS FROM `ysz_shop_goods` [ RunTime:0.015600s ]
[ sql ] [ SQL ] SELECT * FROM `ysz_shop_goods` `g` INNER JOIN `ysz_shop_attr` `a` ON `g`.`id`=`a`.`goods_id` WHERE  `id` IS NULL [ RunTime:0.000000s ]
---------------------------------------------------------------
[ 2018-05-15T13:00:46+08:00 ] 127.0.0.1 127.0.0.1 GET /yusuzhou/index.php/shop/goods/xing
[ info ] 127.0.0.1/yusuzhou/index.php/shop/goods/xing [运行时间：0.078000s][吞吐率：12.82req/s] [内存消耗：2,497.54kb] [文件加载：65]
[ info ] [ LANG ] D:\phpStudy\WWW\yusuzhou\thinkphp\lang\zh-cn.php
[ info ] [ ROUTE ] array (
  'type' => 'module',
  'module' => 
  array (
    0 => 'shop',
    1 => 'goods',
    2 => 'xing',
  ),
)
[ info ] [ HEADER ] array (
  'cache-control' => 'max-age=0',
  'upgrade-insecure-requests' => '1',
  'connection' => 'close',
  'accept-encoding' => 'gzip, deflate',
  'accept-language' => 'zh-CN,zh;q=0.8,zh-TW;q=0.7,zh-HK;q=0.5,en-US;q=0.3,en;q=0.2',
  'accept' => 'text/html,application/xhtml+xml,application/xml;q=0.9,*/*;q=0.8',
  'user-agent' => 'Mozilla/5.0 (Windows NT 6.1; WOW64; rv:60.0) Gecko/20100101 Firefox/60.0',
  'host' => '127.0.0.1',
)
[ info ] [ PARAM ] array (
)
[ info ] [ CACHE ] INIT File
[ info ] [ DB ] INIT mysql
[ info ] [ BEHAVIOR ] Run app\common\behavior\Config @app_begin [ RunTime:0.031200s ]
[ info ] [ BEHAVIOR ] Run app\common\behavior\Hook @app_begin [ RunTime:0.015600s ]
[ info ] [ RUN ] app\shop\home\Goods->xing[ D:\phpStudy\WWW\yusuzhou\application\shop\home\Goods.php ]
[ info ] [ LOG ] INIT File
[ sql ] [ DB ] CONNECT:[ UseTime:0.015600s ] mysql:dbname=yusuzhou_youacl;host=127.0.0.1;port=3306;charset=utf8
[ sql ] [ SQL ] SHOW COLUMNS FROM `ysz_admin_config` [ RunTime:0.000000s ]
[ sql ] [ SQL ] SELECT `name`,`value`,`type` FROM `ysz_admin_config` [ RunTime:0.000000s ]
[ sql ] [ SQL ] SHOW COLUMNS FROM `ysz_admin_module` [ RunTime:0.000000s ]
[ sql ] [ SQL ] SELECT `name`,`config` FROM `ysz_admin_module` WHERE  `config` <> '' [ RunTime:0.000000s ]
[ sql ] [ SQL ] SHOW COLUMNS FROM `ysz_admin_hook` [ RunTime:0.000000s ]
[ sql ] [ SQL ] SELECT `name`,`status` FROM `ysz_admin_hook` WHERE  `status` = 1 [ RunTime:0.000000s ]
[ sql ] [ SQL ] SHOW COLUMNS FROM `ysz_admin_plugin` [ RunTime:0.015600s ]
[ sql ] [ SQL ] SELECT `name`,`status` FROM `ysz_admin_plugin` WHERE  `status` = 1 [ RunTime:0.000000s ]
[ sql ] [ SQL ] SHOW COLUMNS FROM `ysz_admin_hook_plugin` [ RunTime:0.000000s ]
[ sql ] [ SQL ] SELECT * FROM `ysz_admin_hook_plugin` WHERE  `status` = 1 ORDER BY hook,sort [ RunTime:0.000000s ]
[ sql ] [ SQL ] SHOW COLUMNS FROM `ysz_shop_goods` [ RunTime:0.000000s ]
[ sql ] [ SQL ] SELECT * FROM `ysz_shop_goods` `g` INNER JOIN `ysz_shop_attr` `a` ON `g`.`id`=`a`.`goods_id` WHERE  `id` = 31 [ RunTime:0.000000s ]
---------------------------------------------------------------
[ 2018-05-15T13:15:47+08:00 ] 127.0.0.1 127.0.0.1 GET /yusuzhou/index.php/shop/goods/pingjia
[ info ] 127.0.0.1/yusuzhou/index.php/shop/goods/pingjia [运行时间：0.062400s][吞吐率：16.03req/s] [内存消耗：2,557.34kb] [文件加载：72]
[ info ] [ LANG ] D:\phpStudy\WWW\yusuzhou\thinkphp\lang\zh-cn.php
[ info ] [ ROUTE ] array (
  'type' => 'module',
  'module' => 
  array (
    0 => 'shop',
    1 => 'goods',
    2 => 'pingjia',
  ),
)
[ info ] [ HEADER ] array (
  'upgrade-insecure-requests' => '1',
  'connection' => 'close',
  'accept-encoding' => 'gzip, deflate',
  'accept-language' => 'zh-CN,zh;q=0.8,zh-TW;q=0.7,zh-HK;q=0.5,en-US;q=0.3,en;q=0.2',
  'accept' => 'text/html,application/xhtml+xml,application/xml;q=0.9,*/*;q=0.8',
  'user-agent' => 'Mozilla/5.0 (Windows NT 6.1; WOW64; rv:60.0) Gecko/20100101 Firefox/60.0',
  'host' => '127.0.0.1',
)
[ info ] [ PARAM ] array (
)
[ info ] [ CACHE ] INIT File
[ info ] [ DB ] INIT mysql
[ info ] [ BEHAVIOR ] Run app\common\behavior\Config @app_begin [ RunTime:0.015600s ]
[ info ] [ BEHAVIOR ] Run app\common\behavior\Hook @app_begin [ RunTime:0.015600s ]
[ info ] [ RUN ] app\shop\home\Goods->pingjia[ D:\phpStudy\WWW\yusuzhou\application\shop\home\Goods.php ]
[ info ] [ LOG ] INIT File
[ sql ] [ DB ] CONNECT:[ UseTime:0.000000s ] mysql:dbname=yusuzhou_youacl;host=127.0.0.1;port=3306;charset=utf8
[ sql ] [ SQL ] SHOW COLUMNS FROM `ysz_admin_config` [ RunTime:0.000000s ]
[ sql ] [ SQL ] SELECT `name`,`value`,`type` FROM `ysz_admin_config` [ RunTime:0.000000s ]
[ sql ] [ SQL ] SHOW COLUMNS FROM `ysz_admin_module` [ RunTime:0.000000s ]
[ sql ] [ SQL ] SELECT `name`,`config` FROM `ysz_admin_module` WHERE  `config` <> '' [ RunTime:0.000000s ]
[ sql ] [ SQL ] SHOW COLUMNS FROM `ysz_admin_hook` [ RunTime:0.000000s ]
[ sql ] [ SQL ] SELECT `name`,`status` FROM `ysz_admin_hook` WHERE  `status` = 1 [ RunTime:0.000000s ]
[ sql ] [ SQL ] SHOW COLUMNS FROM `ysz_admin_plugin` [ RunTime:0.000000s ]
[ sql ] [ SQL ] SELECT `name`,`status` FROM `ysz_admin_plugin` WHERE  `status` = 1 [ RunTime:0.000000s ]
[ sql ] [ SQL ] SHOW COLUMNS FROM `ysz_admin_hook_plugin` [ RunTime:0.000000s ]
[ sql ] [ SQL ] SELECT * FROM `ysz_admin_hook_plugin` WHERE  `status` = 1 ORDER BY hook,sort [ RunTime:0.000000s ]
[ error ] [10501]SQLSTATE[42S02]: Base table or view not found: 1146 Table 'yusuzhou_youacl.ysz_shop_appraise' doesn't exist[D:\phpStudy\WWW\yusuzhou\thinkphp\library\think\db\Connection.php:388]
---------------------------------------------------------------
[ 2018-05-15T13:16:33+08:00 ] 127.0.0.1 127.0.0.1 GET /yusuzhou/index.php/shop/goods/pingjia
[ info ] 127.0.0.1/yusuzhou/index.php/shop/goods/pingjia [运行时间：0.062400s][吞吐率：16.03req/s] [内存消耗：2,467.34kb] [文件加载：65]
[ info ] [ LANG ] D:\phpStudy\WWW\yusuzhou\thinkphp\lang\zh-cn.php
[ info ] [ ROUTE ] array (
  'type' => 'module',
  'module' => 
  array (
    0 => 'shop',
    1 => 'goods',
    2 => 'pingjia',
  ),
)
[ info ] [ HEADER ] array (
  'cache-control' => 'max-age=0',
  'upgrade-insecure-requests' => '1',
  'connection' => 'close',
  'accept-encoding' => 'gzip, deflate',
  'accept-language' => 'zh-CN,zh;q=0.8,zh-TW;q=0.7,zh-HK;q=0.5,en-US;q=0.3,en;q=0.2',
  'accept' => 'text/html,application/xhtml+xml,application/xml;q=0.9,*/*;q=0.8',
  'user-agent' => 'Mozilla/5.0 (Windows NT 6.1; WOW64; rv:60.0) Gecko/20100101 Firefox/60.0',
  'host' => '127.0.0.1',
)
[ info ] [ PARAM ] array (
)
[ info ] [ CACHE ] INIT File
[ info ] [ DB ] INIT mysql
[ info ] [ BEHAVIOR ] Run app\common\behavior\Config @app_begin [ RunTime:0.015600s ]
[ info ] [ BEHAVIOR ] Run app\common\behavior\Hook @app_begin [ RunTime:0.015600s ]
[ info ] [ RUN ] app\shop\home\Goods->pingjia[ D:\phpStudy\WWW\yusuzhou\application\shop\home\Goods.php ]
[ info ] [ LOG ] INIT File
[ sql ] [ DB ] CONNECT:[ UseTime:0.000000s ] mysql:dbname=yusuzhou_youacl;host=127.0.0.1;port=3306;charset=utf8
[ sql ] [ SQL ] SHOW COLUMNS FROM `ysz_admin_config` [ RunTime:0.000000s ]
[ sql ] [ SQL ] SELECT `name`,`value`,`type` FROM `ysz_admin_config` [ RunTime:0.000000s ]
[ sql ] [ SQL ] SHOW COLUMNS FROM `ysz_admin_module` [ RunTime:0.000000s ]
[ sql ] [ SQL ] SELECT `name`,`config` FROM `ysz_admin_module` WHERE  `config` <> '' [ RunTime:0.000000s ]
[ sql ] [ SQL ] SHOW COLUMNS FROM `ysz_admin_hook` [ RunTime:0.015600s ]
[ sql ] [ SQL ] SELECT `name`,`status` FROM `ysz_admin_hook` WHERE  `status` = 1 [ RunTime:0.000000s ]
[ sql ] [ SQL ] SHOW COLUMNS FROM `ysz_admin_plugin` [ RunTime:0.000000s ]
[ sql ] [ SQL ] SELECT `name`,`status` FROM `ysz_admin_plugin` WHERE  `status` = 1 [ RunTime:0.000000s ]
[ sql ] [ SQL ] SHOW COLUMNS FROM `ysz_admin_hook_plugin` [ RunTime:0.000000s ]
[ sql ] [ SQL ] SELECT * FROM `ysz_admin_hook_plugin` WHERE  `status` = 1 ORDER BY hook,sort [ RunTime:0.000000s ]
[ sql ] [ SQL ] SHOW COLUMNS FROM `ysz_shop_appraise` [ RunTime:0.000000s ]
[ sql ] [ SQL ] SELECT * FROM `ysz_shop_appraise` WHERE  `goodsid` = 31 [ RunTime:0.000000s ]
---------------------------------------------------------------
[ 2018-05-15T13:25:18+08:00 ] 127.0.0.1 127.0.0.1 GET /yusuzhou/index.php/shop/goods/xing
[ info ] 127.0.0.1/yusuzhou/index.php/shop/goods/xing [运行时间：0.062400s][吞吐率：16.03req/s] [内存消耗：2,570.42kb] [文件加载：71]
[ info ] [ LANG ] D:\phpStudy\WWW\yusuzhou\thinkphp\lang\zh-cn.php
[ info ] [ ROUTE ] array (
  'type' => 'module',
  'module' => 
  array (
    0 => 'shop',
    1 => 'goods',
    2 => 'xing',
  ),
)
[ info ] [ HEADER ] array (
  'cache-control' => 'max-age=0',
  'upgrade-insecure-requests' => '1',
  'connection' => 'close',
  'accept-encoding' => 'gzip, deflate',
  'accept-language' => 'zh-CN,zh;q=0.8,zh-TW;q=0.7,zh-HK;q=0.5,en-US;q=0.3,en;q=0.2',
  'accept' => 'text/html,application/xhtml+xml,application/xml;q=0.9,*/*;q=0.8',
  'user-agent' => 'Mozilla/5.0 (Windows NT 6.1; WOW64; rv:60.0) Gecko/20100101 Firefox/60.0',
  'host' => '127.0.0.1',
)
[ info ] [ PARAM ] array (
)
[ info ] [ CACHE ] INIT File
[ info ] [ DB ] INIT mysql
[ info ] [ BEHAVIOR ] Run app\common\behavior\Config @app_begin [ RunTime:0.015600s ]
[ info ] [ BEHAVIOR ] Run app\common\behavior\Hook @app_begin [ RunTime:0.015600s ]
[ info ] [ RUN ] app\shop\home\Goods->xing[ D:\phpStudy\WWW\yusuzhou\application\shop\home\Goods.php ]
[ info ] [ LOG ] INIT File
[ sql ] [ DB ] CONNECT:[ UseTime:0.000000s ] mysql:dbname=yusuzhou_youacl;host=127.0.0.1;port=3306;charset=utf8
[ sql ] [ SQL ] SHOW COLUMNS FROM `ysz_admin_config` [ RunTime:0.015600s ]
[ sql ] [ SQL ] SELECT `name`,`value`,`type` FROM `ysz_admin_config` [ RunTime:0.000000s ]
[ sql ] [ SQL ] SHOW COLUMNS FROM `ysz_admin_module` [ RunTime:0.000000s ]
[ sql ] [ SQL ] SELECT `name`,`config` FROM `ysz_admin_module` WHERE  `config` <> '' [ RunTime:0.000000s ]
[ sql ] [ SQL ] SHOW COLUMNS FROM `ysz_admin_hook` [ RunTime:0.000000s ]
[ sql ] [ SQL ] SELECT `name`,`status` FROM `ysz_admin_hook` WHERE  `status` = 1 [ RunTime:0.000000s ]
[ sql ] [ SQL ] SHOW COLUMNS FROM `ysz_admin_plugin` [ RunTime:0.000000s ]
[ sql ] [ SQL ] SELECT `name`,`status` FROM `ysz_admin_plugin` WHERE  `status` = 1 [ RunTime:0.000000s ]
[ sql ] [ SQL ] SHOW COLUMNS FROM `ysz_admin_hook_plugin` [ RunTime:0.015600s ]
[ sql ] [ SQL ] SELECT * FROM `ysz_admin_hook_plugin` WHERE  `status` = 1 ORDER BY hook,sort [ RunTime:0.000000s ]
[ sql ] [ SQL ] SHOW COLUMNS FROM `ysz_shop_goods` [ RunTime:0.000000s ]
[ sql ] [ SQL ] SELECT * FROM `ysz_shop_goods` `g` INNER JOIN `ysz_shop_attr` `a` ON `g`.`id`=`a`.`goods_id` WHERE  `id` IS NULL [ RunTime:0.000000s ]
[ error ] [8]未定义数组索引: images[D:\phpStudy\WWW\yusuzhou\application\shop\home\Goods.php:75]
---------------------------------------------------------------
[ 2018-05-15T13:25:35+08:00 ] 127.0.0.1 127.0.0.1 GET /yusuzhou/index.php/shop/goods/xing
[ info ] 127.0.0.1/yusuzhou/index.php/shop/goods/xing [运行时间：0.078000s][吞吐率：12.82req/s] [内存消耗：2,562.59kb] [文件加载：70]
[ info ] [ LANG ] D:\phpStudy\WWW\yusuzhou\thinkphp\lang\zh-cn.php
[ info ] [ ROUTE ] array (
  'type' => 'module',
  'module' => 
  array (
    0 => 'shop',
    1 => 'goods',
    2 => 'xing',
  ),
)
[ info ] [ HEADER ] array (
  'cache-control' => 'max-age=0',
  'upgrade-insecure-requests' => '1',
  'connection' => 'close',
  'accept-encoding' => 'gzip, deflate',
  'accept-language' => 'zh-CN,zh;q=0.8,zh-TW;q=0.7,zh-HK;q=0.5,en-US;q=0.3,en;q=0.2',
  'accept' => 'text/html,application/xhtml+xml,application/xml;q=0.9,*/*;q=0.8',
  'user-agent' => 'Mozilla/5.0 (Windows NT 6.1; WOW64; rv:60.0) Gecko/20100101 Firefox/60.0',
  'host' => '127.0.0.1',
)
[ info ] [ PARAM ] array (
)
[ info ] [ CACHE ] INIT File
[ info ] [ DB ] INIT mysql
[ info ] [ BEHAVIOR ] Run app\common\behavior\Config @app_begin [ RunTime:0.015600s ]
[ info ] [ BEHAVIOR ] Run app\common\behavior\Hook @app_begin [ RunTime:0.015600s ]
[ info ] [ RUN ] app\shop\home\Goods->xing[ D:\phpStudy\WWW\yusuzhou\application\shop\home\Goods.php ]
[ info ] [ LOG ] INIT File
[ sql ] [ DB ] CONNECT:[ UseTime:0.000000s ] mysql:dbname=yusuzhou_youacl;host=127.0.0.1;port=3306;charset=utf8
[ sql ] [ SQL ] SHOW COLUMNS FROM `ysz_admin_config` [ RunTime:0.000000s ]
[ sql ] [ SQL ] SELECT `name`,`value`,`type` FROM `ysz_admin_config` [ RunTime:0.000000s ]
[ sql ] [ SQL ] SHOW COLUMNS FROM `ysz_admin_module` [ RunTime:0.000000s ]
[ sql ] [ SQL ] SELECT `name`,`config` FROM `ysz_admin_module` WHERE  `config` <> '' [ RunTime:0.000000s ]
[ sql ] [ SQL ] SHOW COLUMNS FROM `ysz_admin_hook` [ RunTime:0.000000s ]
[ sql ] [ SQL ] SELECT `name`,`status` FROM `ysz_admin_hook` WHERE  `status` = 1 [ RunTime:0.000000s ]
[ sql ] [ SQL ] SHOW COLUMNS FROM `ysz_admin_plugin` [ RunTime:0.000000s ]
[ sql ] [ SQL ] SELECT `name`,`status` FROM `ysz_admin_plugin` WHERE  `status` = 1 [ RunTime:0.000000s ]
[ sql ] [ SQL ] SHOW COLUMNS FROM `ysz_admin_hook_plugin` [ RunTime:0.000000s ]
[ sql ] [ SQL ] SELECT * FROM `ysz_admin_hook_plugin` WHERE  `status` = 1 ORDER BY hook,sort [ RunTime:0.000000s ]
[ sql ] [ SQL ] SHOW COLUMNS FROM `ysz_shop_goods` [ RunTime:0.000000s ]
[ sql ] [ SQL ] SELECT * FROM `ysz_shop_goods` `g` INNER JOIN `ysz_shop_attr` `a` ON `g`.`id`=`a`.`goods_id` WHERE  `id` IS NULL [ RunTime:0.000000s ]
[ error ] [0]模板文件不存在:D:\phpStudy\WWW\yusuzhou/application/shop\view\goods\xing.html[D:\phpStudy\WWW\yusuzhou\thinkphp\library\think\view\driver\Think.php:80]
---------------------------------------------------------------
[ 2018-05-15T13:25:52+08:00 ] 127.0.0.1 127.0.0.1 GET /yusuzhou/index.php/shop/goods/pingjia
[ info ] 127.0.0.1/yusuzhou/index.php/shop/goods/pingjia [运行时间：0.093600s][吞吐率：10.68req/s] [内存消耗：2,469.27kb] [文件加载：65]
[ info ] [ LANG ] D:\phpStudy\WWW\yusuzhou\thinkphp\lang\zh-cn.php
[ info ] [ ROUTE ] array (
  'type' => 'module',
  'module' => 
  array (
    0 => 'shop',
    1 => 'goods',
    2 => 'pingjia',
  ),
)
[ info ] [ HEADER ] array (
  'upgrade-insecure-requests' => '1',
  'connection' => 'close',
  'accept-encoding' => 'gzip, deflate',
  'accept-language' => 'zh-CN,zh;q=0.8,zh-TW;q=0.7,zh-HK;q=0.5,en-US;q=0.3,en;q=0.2',
  'accept' => 'text/html,application/xhtml+xml,application/xml;q=0.9,*/*;q=0.8',
  'user-agent' => 'Mozilla/5.0 (Windows NT 6.1; WOW64; rv:60.0) Gecko/20100101 Firefox/60.0',
  'host' => '127.0.0.1',
)
[ info ] [ PARAM ] array (
)
[ info ] [ CACHE ] INIT File
[ info ] [ DB ] INIT mysql
[ info ] [ BEHAVIOR ] Run app\common\behavior\Config @app_begin [ RunTime:0.031200s ]
[ info ] [ BEHAVIOR ] Run app\common\behavior\Hook @app_begin [ RunTime:0.031200s ]
[ info ] [ RUN ] app\shop\home\Goods->pingjia[ D:\phpStudy\WWW\yusuzhou\application\shop\home\Goods.php ]
[ info ] [ LOG ] INIT File
[ sql ] [ DB ] CONNECT:[ UseTime:0.000000s ] mysql:dbname=yusuzhou_youacl;host=127.0.0.1;port=3306;charset=utf8
[ sql ] [ SQL ] SHOW COLUMNS FROM `ysz_admin_config` [ RunTime:0.015600s ]
[ sql ] [ SQL ] SELECT `name`,`value`,`type` FROM `ysz_admin_config` [ RunTime:0.000000s ]
[ sql ] [ SQL ] SHOW COLUMNS FROM `ysz_admin_module` [ RunTime:0.000000s ]
[ sql ] [ SQL ] SELECT `name`,`config` FROM `ysz_admin_module` WHERE  `config` <> '' [ RunTime:0.000000s ]
[ sql ] [ SQL ] SHOW COLUMNS FROM `ysz_admin_hook` [ RunTime:0.000000s ]
[ sql ] [ SQL ] SELECT `name`,`status` FROM `ysz_admin_hook` WHERE  `status` = 1 [ RunTime:0.000000s ]
[ sql ] [ SQL ] SHOW COLUMNS FROM `ysz_admin_plugin` [ RunTime:0.000000s ]
[ sql ] [ SQL ] SELECT `name`,`status` FROM `ysz_admin_plugin` WHERE  `status` = 1 [ RunTime:0.000000s ]
[ sql ] [ SQL ] SHOW COLUMNS FROM `ysz_admin_hook_plugin` [ RunTime:0.015600s ]
[ sql ] [ SQL ] SELECT * FROM `ysz_admin_hook_plugin` WHERE  `status` = 1 ORDER BY hook,sort [ RunTime:0.000000s ]
[ sql ] [ SQL ] SHOW COLUMNS FROM `ysz_shop_appraise` [ RunTime:0.000000s ]
[ sql ] [ SQL ] SELECT * FROM `ysz_shop_appraise` WHERE  `goodsid` = 35 [ RunTime:0.000000s ]
---------------------------------------------------------------
[ 2018-05-15T14:03:28+08:00 ] 127.0.0.1 127.0.0.1 GET /yusuzhou/index.php/shop/goods/xing
[ info ] 127.0.0.1/yusuzhou/index.php/shop/goods/xing [运行时间：0.062400s][吞吐率：16.03req/s] [内存消耗：2,477.38kb] [文件加载：65]
[ info ] [ LANG ] D:\phpStudy\WWW\yusuzhou\thinkphp\lang\zh-cn.php
[ info ] [ ROUTE ] array (
  'type' => 'module',
  'module' => 
  array (
    0 => 'shop',
    1 => 'goods',
    2 => 'xing',
  ),
)
[ info ] [ HEADER ] array (
  'upgrade-insecure-requests' => '1',
  'connection' => 'close',
  'accept-encoding' => 'gzip, deflate',
  'accept-language' => 'zh-CN,zh;q=0.8,zh-TW;q=0.7,zh-HK;q=0.5,en-US;q=0.3,en;q=0.2',
  'accept' => 'text/html,application/xhtml+xml,application/xml;q=0.9,*/*;q=0.8',
  'user-agent' => 'Mozilla/5.0 (Windows NT 6.1; WOW64; rv:60.0) Gecko/20100101 Firefox/60.0',
  'host' => '127.0.0.1',
)
[ info ] [ PARAM ] array (
)
[ info ] [ CACHE ] INIT File
[ info ] [ DB ] INIT mysql
[ info ] [ BEHAVIOR ] Run app\common\behavior\Config @app_begin [ RunTime:0.015600s ]
[ info ] [ BEHAVIOR ] Run app\common\behavior\Hook @app_begin [ RunTime:0.015600s ]
[ info ] [ RUN ] app\shop\home\Goods->xing[ D:\phpStudy\WWW\yusuzhou\application\shop\home\Goods.php ]
[ info ] [ LOG ] INIT File
[ sql ] [ DB ] CONNECT:[ UseTime:0.000000s ] mysql:dbname=yusuzhou_youacl;host=127.0.0.1;port=3306;charset=utf8
[ sql ] [ SQL ] SHOW COLUMNS FROM `ysz_admin_config` [ RunTime:0.000000s ]
[ sql ] [ SQL ] SELECT `name`,`value`,`type` FROM `ysz_admin_config` [ RunTime:0.000000s ]
[ sql ] [ SQL ] SHOW COLUMNS FROM `ysz_admin_module` [ RunTime:0.000000s ]
[ sql ] [ SQL ] SELECT `name`,`config` FROM `ysz_admin_module` WHERE  `config` <> '' [ RunTime:0.000000s ]
[ sql ] [ SQL ] SHOW COLUMNS FROM `ysz_admin_hook` [ RunTime:0.000000s ]
[ sql ] [ SQL ] SELECT `name`,`status` FROM `ysz_admin_hook` WHERE  `status` = 1 [ RunTime:0.000000s ]
[ sql ] [ SQL ] SHOW COLUMNS FROM `ysz_admin_plugin` [ RunTime:0.000000s ]
[ sql ] [ SQL ] SELECT `name`,`status` FROM `ysz_admin_plugin` WHERE  `status` = 1 [ RunTime:0.000000s ]
[ sql ] [ SQL ] SHOW COLUMNS FROM `ysz_admin_hook_plugin` [ RunTime:0.000000s ]
[ sql ] [ SQL ] SELECT * FROM `ysz_admin_hook_plugin` WHERE  `status` = 1 ORDER BY hook,sort [ RunTime:0.000000s ]
[ sql ] [ SQL ] SHOW COLUMNS FROM `ysz_shop_goods` [ RunTime:0.000000s ]
[ sql ] [ SQL ] SELECT * FROM `ysz_shop_goods` `g` INNER JOIN `ysz_shop_attr` `a` ON `g`.`id`=`a`.`goods_id` WHERE  `id` IS NULL [ RunTime:0.000000s ]
---------------------------------------------------------------
[ 2018-05-15T14:03:37+08:00 ] 127.0.0.1 127.0.0.1 GET /yusuzhou/index.php/shop/goods/xing
[ info ] 127.0.0.1/yusuzhou/index.php/shop/goods/xing [运行时间：0.062400s][吞吐率：16.03req/s] [内存消耗：2,497.52kb] [文件加载：65]
[ info ] [ LANG ] D:\phpStudy\WWW\yusuzhou\thinkphp\lang\zh-cn.php
[ info ] [ ROUTE ] array (
  'type' => 'module',
  'module' => 
  array (
    0 => 'shop',
    1 => 'goods',
    2 => 'xing',
  ),
)
[ info ] [ HEADER ] array (
  'cache-control' => 'max-age=0',
  'upgrade-insecure-requests' => '1',
  'connection' => 'close',
  'accept-encoding' => 'gzip, deflate',
  'accept-language' => 'zh-CN,zh;q=0.8,zh-TW;q=0.7,zh-HK;q=0.5,en-US;q=0.3,en;q=0.2',
  'accept' => 'text/html,application/xhtml+xml,application/xml;q=0.9,*/*;q=0.8',
  'user-agent' => 'Mozilla/5.0 (Windows NT 6.1; WOW64; rv:60.0) Gecko/20100101 Firefox/60.0',
  'host' => '127.0.0.1',
)
[ info ] [ PARAM ] array (
)
[ info ] [ CACHE ] INIT File
[ info ] [ DB ] INIT mysql
[ info ] [ BEHAVIOR ] Run app\common\behavior\Config @app_begin [ RunTime:0.031200s ]
[ info ] [ BEHAVIOR ] Run app\common\behavior\Hook @app_begin [ RunTime:0.015600s ]
[ info ] [ RUN ] app\shop\home\Goods->xing[ D:\phpStudy\WWW\yusuzhou\application\shop\home\Goods.php ]
[ info ] [ LOG ] INIT File
[ sql ] [ DB ] CONNECT:[ UseTime:0.015600s ] mysql:dbname=yusuzhou_youacl;host=127.0.0.1;port=3306;charset=utf8
[ sql ] [ SQL ] SHOW COLUMNS FROM `ysz_admin_config` [ RunTime:0.000000s ]
[ sql ] [ SQL ] SELECT `name`,`value`,`type` FROM `ysz_admin_config` [ RunTime:0.000000s ]
[ sql ] [ SQL ] SHOW COLUMNS FROM `ysz_admin_module` [ RunTime:0.000000s ]
[ sql ] [ SQL ] SELECT `name`,`config` FROM `ysz_admin_module` WHERE  `config` <> '' [ RunTime:0.000000s ]
[ sql ] [ SQL ] SHOW COLUMNS FROM `ysz_admin_hook` [ RunTime:0.000000s ]
[ sql ] [ SQL ] SELECT `name`,`status` FROM `ysz_admin_hook` WHERE  `status` = 1 [ RunTime:0.000000s ]
[ sql ] [ SQL ] SHOW COLUMNS FROM `ysz_admin_plugin` [ RunTime:0.000000s ]
[ sql ] [ SQL ] SELECT `name`,`status` FROM `ysz_admin_plugin` WHERE  `status` = 1 [ RunTime:0.015600s ]
[ sql ] [ SQL ] SHOW COLUMNS FROM `ysz_admin_hook_plugin` [ RunTime:0.000000s ]
[ sql ] [ SQL ] SELECT * FROM `ysz_admin_hook_plugin` WHERE  `status` = 1 ORDER BY hook,sort [ RunTime:0.000000s ]
[ sql ] [ SQL ] SHOW COLUMNS FROM `ysz_shop_goods` [ RunTime:0.000000s ]
[ sql ] [ SQL ] SELECT * FROM `ysz_shop_goods` `g` INNER JOIN `ysz_shop_attr` `a` ON `g`.`id`=`a`.`goods_id` WHERE  `id` = 31 [ RunTime:0.000000s ]
